{"synthetic": false,
 "outputs":
 {"o": ["2890597748389180695"],
  "i": "12279967994766015104",
  "c": "15131873521746066782"},
 "log":
 [{"message":
   ".> LEAN_PATH=Q:\\src\\ComputationalPaths\\paper\\anonymous-repo\\.lake\\build\\lib\\lean c:\\Users\\arfreita\\.elan\\toolchains\\leanprover--lean4---v4.24.0\\bin\\lean.exe Q:\\src\\ComputationalPaths\\paper\\anonymous-repo\\ComputationalPaths\\Path\\Homotopy\\CellularHomology.lean -o Q:\\src\\ComputationalPaths\\paper\\anonymous-repo\\.lake\\build\\lib\\lean\\ComputationalPaths\\Path\\Homotopy\\CellularHomology.olean -i Q:\\src\\ComputationalPaths\\paper\\anonymous-repo\\.lake\\build\\lib\\lean\\ComputationalPaths\\Path\\Homotopy\\CellularHomology.ilean -c Q:\\src\\ComputationalPaths\\paper\\anonymous-repo\\.lake\\build\\ir\\ComputationalPaths\\Path\\Homotopy\\CellularHomology.c --setup Q:\\src\\ComputationalPaths\\paper\\anonymous-repo\\.lake\\build\\ir\\ComputationalPaths\\Path\\Homotopy\\CellularHomology.setup.json --json",
   "level": "trace"}],
 "inputs":
 [["ComputationalPaths.Path.Homotopy.CellularHomology:deps",
   [["deps",
     [["computational_paths/ComputationalPaths:extraDep",
       [["@computational_paths:extraDep", "1723"]]],
      ["imports",
       [["ComputationalPaths.Path.Homotopy.Hurewicz transitive imports (legacy)",
         "18121006249223624847"],
        ["ComputationalPaths.Path.Homotopy.Hurewicz:importAllArts",
         "11336466814251780933"],
        ["ComputationalPaths.Path.HIT.Sphere transitive imports (legacy)",
         "10083095261078759332"],
        ["ComputationalPaths.Path.HIT.Sphere:importAllArts",
         "17004516855263304845"],
        ["ComputationalPaths.Path.HIT.ProjectiveSpaces transitive imports (legacy)",
         "6311954271668416200"],
        ["ComputationalPaths.Path.HIT.ProjectiveSpaces:importAllArts",
         "15717485365826461948"],
        ["ComputationalPaths.Path.HIT.ComplexProjectiveSpaces transitive imports (legacy)",
         "18109533378436884276"],
        ["ComputationalPaths.Path.HIT.ComplexProjectiveSpaces:importAllArts",
         "14982718727400140891"],
        ["ComputationalPaths.Path.HIT.QuaternionicProjectiveSpaces transitive imports (legacy)",
         "9750329461630254155"],
        ["ComputationalPaths.Path.HIT.QuaternionicProjectiveSpaces:importAllArts",
         "5427728247314682753"]]]]],
    ["libs",
     [["import dynlibs", "1723"],
      ["package external libraries", "1723"],
      ["module dynlibs", "1723"],
      ["module plugins", "1723"]]]]],
  ["Lean 4.24.0, commit 797c613eb9b6d4ec95db23e3e00af9ac6657f24b",
   "1165570713881806064"],
  ["Q:\\src\\ComputationalPaths\\paper\\anonymous-repo\\ComputationalPaths\\Path\\Homotopy\\CellularHomology.lean",
   "12413835370959028961"],
  ["options", "1723"],
  ["Module.leanArgs: #[]", "1723"]],
 "depHash": "2349086757799206407"}