{"synthetic": false,
 "outputs":
 {"o": ["15850382839861083864"],
  "i": "1062168656803460647",
  "c": "9774529217695223710"},
 "log":
 [{"message":
   ".> LEAN_PATH=Q:\\src\\ComputationalPaths\\paper\\anonymous-repo\\.lake\\build\\lib\\lean c:\\Users\\arfreita\\.elan\\toolchains\\leanprover--lean4---v4.24.0\\bin\\lean.exe Q:\\src\\ComputationalPaths\\paper\\anonymous-repo\\ComputationalPaths\\Path\\Homotopy\\FundamentalGroupoid.lean -o Q:\\src\\ComputationalPaths\\paper\\anonymous-repo\\.lake\\build\\lib\\lean\\ComputationalPaths\\Path\\Homotopy\\FundamentalGroupoid.olean -i Q:\\src\\ComputationalPaths\\paper\\anonymous-repo\\.lake\\build\\lib\\lean\\ComputationalPaths\\Path\\Homotopy\\FundamentalGroupoid.ilean -c Q:\\src\\ComputationalPaths\\paper\\anonymous-repo\\.lake\\build\\ir\\ComputationalPaths\\Path\\Homotopy\\FundamentalGroupoid.c --setup Q:\\src\\ComputationalPaths\\paper\\anonymous-repo\\.lake\\build\\ir\\ComputationalPaths\\Path\\Homotopy\\FundamentalGroupoid.setup.json --json",
   "level": "trace"}],
 "inputs":
 [["ComputationalPaths.Path.Homotopy.FundamentalGroupoid:deps",
   [["deps",
     [["computational_paths/ComputationalPaths:extraDep",
       [["@computational_paths:extraDep", "1723"]]],
      ["imports",
       [["ComputationalPaths.Path.Groupoid transitive imports (legacy)",
         "14001105567435588301"],
        ["ComputationalPaths.Path.Groupoid:importAllArts",
         "14713676025652715121"],
        ["ComputationalPaths.Path.Homotopy.FundamentalGroup transitive imports (legacy)",
         "15828169745815090588"],
        ["ComputationalPaths.Path.Homotopy.FundamentalGroup:importAllArts",
         "15365719571878537335"],
        ["ComputationalPaths.Path.Rewrite.Quot transitive imports (legacy)",
         "18072153935592867911"],
        ["ComputationalPaths.Path.Rewrite.Quot:importAllArts",
         "17267245682977618671"]]]]],
    ["libs",
     [["import dynlibs", "1723"],
      ["package external libraries", "1723"],
      ["module dynlibs", "1723"],
      ["module plugins", "1723"]]]]],
  ["Lean 4.24.0, commit 797c613eb9b6d4ec95db23e3e00af9ac6657f24b",
   "1165570713881806064"],
  ["Q:\\src\\ComputationalPaths\\paper\\anonymous-repo\\ComputationalPaths\\Path\\Homotopy\\FundamentalGroupoid.lean",
   "9725724560157222358"],
  ["options", "1723"],
  ["Module.leanArgs: #[]", "1723"]],
 "depHash": "15769064251673454153"}