{"synthetic": false,
 "outputs":
 {"o": ["1896448574081804020"],
  "i": "2497192570489961744",
  "c": "1195360839382232114"},
 "log":
 [{"message":
   ".> LEAN_PATH=Q:\\src\\ComputationalPaths\\paper\\anonymous-repo\\.lake\\build\\lib\\lean c:\\Users\\arfreita\\.elan\\toolchains\\leanprover--lean4---v4.24.0\\bin\\lean.exe Q:\\src\\ComputationalPaths\\paper\\anonymous-repo\\ComputationalPaths\\Path\\Homotopy\\HigherProductHomotopy.lean -o Q:\\src\\ComputationalPaths\\paper\\anonymous-repo\\.lake\\build\\lib\\lean\\ComputationalPaths\\Path\\Homotopy\\HigherProductHomotopy.olean -i Q:\\src\\ComputationalPaths\\paper\\anonymous-repo\\.lake\\build\\lib\\lean\\ComputationalPaths\\Path\\Homotopy\\HigherProductHomotopy.ilean -c Q:\\src\\ComputationalPaths\\paper\\anonymous-repo\\.lake\\build\\ir\\ComputationalPaths\\Path\\Homotopy\\HigherProductHomotopy.c --setup Q:\\src\\ComputationalPaths\\paper\\anonymous-repo\\.lake\\build\\ir\\ComputationalPaths\\Path\\Homotopy\\HigherProductHomotopy.setup.json --json",
   "level": "trace"}],
 "inputs":
 [["ComputationalPaths.Path.Homotopy.HigherProductHomotopy:deps",
   [["deps",
     [["computational_paths/ComputationalPaths:extraDep",
       [["@computational_paths:extraDep", "1723"]]],
      ["imports",
       [["ComputationalPaths.Path.Homotopy.ProductFundamentalGroup transitive imports (legacy)",
         "5654001500346601691"],
        ["ComputationalPaths.Path.Homotopy.ProductFundamentalGroup:importAllArts",
         "12413582735885740176"],
        ["ComputationalPaths.Path.Homotopy.HigherHomotopy transitive imports (legacy)",
         "6281560916131212365"],
        ["ComputationalPaths.Path.Homotopy.HigherHomotopy:importAllArts",
         "1146096830142592409"],
        ["ComputationalPaths.Path.Rewrite.SimpleEquiv transitive imports (legacy)",
         "12732349325376460138"],
        ["ComputationalPaths.Path.Rewrite.SimpleEquiv:importAllArts",
         "6976224576165444915"]]]]],
    ["libs",
     [["import dynlibs", "1723"],
      ["package external libraries", "1723"],
      ["module dynlibs", "1723"],
      ["module plugins", "1723"]]]]],
  ["Lean 4.24.0, commit 797c613eb9b6d4ec95db23e3e00af9ac6657f24b",
   "1165570713881806064"],
  ["Q:\\src\\ComputationalPaths\\paper\\anonymous-repo\\ComputationalPaths\\Path\\Homotopy\\HigherProductHomotopy.lean",
   "523835716802480562"],
  ["options", "1723"],
  ["Module.leanArgs: #[]", "1723"]],
 "depHash": "6687216224420090942"}