{"synthetic": false,
 "outputs":
 {"o": ["15695571901178852162"],
  "i": "12057861304481068959",
  "c": "2143231119822883999"},
 "log":
 [{"message":
   ".> LEAN_PATH=Q:\\src\\ComputationalPaths\\paper\\anonymous-repo\\.lake\\build\\lib\\lean c:\\Users\\arfreita\\.elan\\toolchains\\leanprover--lean4---v4.24.0\\bin\\lean.exe Q:\\src\\ComputationalPaths\\paper\\anonymous-repo\\ComputationalPaths\\Path\\Homotopy\\HoTT.lean -o Q:\\src\\ComputationalPaths\\paper\\anonymous-repo\\.lake\\build\\lib\\lean\\ComputationalPaths\\Path\\Homotopy\\HoTT.olean -i Q:\\src\\ComputationalPaths\\paper\\anonymous-repo\\.lake\\build\\lib\\lean\\ComputationalPaths\\Path\\Homotopy\\HoTT.ilean -c Q:\\src\\ComputationalPaths\\paper\\anonymous-repo\\.lake\\build\\ir\\ComputationalPaths\\Path\\Homotopy\\HoTT.c --setup Q:\\src\\ComputationalPaths\\paper\\anonymous-repo\\.lake\\build\\ir\\ComputationalPaths\\Path\\Homotopy\\HoTT.setup.json --json",
   "level": "trace"}],
 "inputs":
 [["ComputationalPaths.Path.Homotopy.HoTT:deps",
   [["deps",
     [["computational_paths/ComputationalPaths:extraDep",
       [["@computational_paths:extraDep", "1723"]]],
      ["imports",
       [["ComputationalPaths.Path.Basic transitive imports (legacy)",
         "13166546554290561652"],
        ["ComputationalPaths.Path.Basic:importAllArts",
         "14295185162380247727"]]]]],
    ["libs",
     [["import dynlibs", "1723"],
      ["package external libraries", "1723"],
      ["module dynlibs", "1723"],
      ["module plugins", "1723"]]]]],
  ["Lean 4.24.0, commit 797c613eb9b6d4ec95db23e3e00af9ac6657f24b",
   "1165570713881806064"],
  ["Q:\\src\\ComputationalPaths\\paper\\anonymous-repo\\ComputationalPaths\\Path\\Homotopy\\HoTT.lean",
   "5000259580679272640"],
  ["options", "1723"],
  ["Module.leanArgs: #[]", "1723"]],
 "depHash": "13830725425289352426"}