{"synthetic": false,
 "outputs":
 {"o": ["14166831297827433466"],
  "i": "8566997546393322149",
  "c": "14794766115831988733"},
 "log":
 [{"message":
   ".> LEAN_PATH=Q:\\src\\ComputationalPaths\\paper\\anonymous-repo\\.lake\\build\\lib\\lean c:\\Users\\arfreita\\.elan\\toolchains\\leanprover--lean4---v4.24.0\\bin\\lean.exe Q:\\src\\ComputationalPaths\\paper\\anonymous-repo\\ComputationalPaths\\Path\\Homotopy\\Pi2Surfaces.lean -o Q:\\src\\ComputationalPaths\\paper\\anonymous-repo\\.lake\\build\\lib\\lean\\ComputationalPaths\\Path\\Homotopy\\Pi2Surfaces.olean -i Q:\\src\\ComputationalPaths\\paper\\anonymous-repo\\.lake\\build\\lib\\lean\\ComputationalPaths\\Path\\Homotopy\\Pi2Surfaces.ilean -c Q:\\src\\ComputationalPaths\\paper\\anonymous-repo\\.lake\\build\\ir\\ComputationalPaths\\Path\\Homotopy\\Pi2Surfaces.c --setup Q:\\src\\ComputationalPaths\\paper\\anonymous-repo\\.lake\\build\\ir\\ComputationalPaths\\Path\\Homotopy\\Pi2Surfaces.setup.json --json",
   "level": "trace"}],
 "inputs":
 [["ComputationalPaths.Path.Homotopy.Pi2Surfaces:deps",
   [["deps",
     [["computational_paths/ComputationalPaths:extraDep",
       [["@computational_paths:extraDep", "1723"]]],
      ["imports",
       [["ComputationalPaths.Path.Homotopy.HigherHomotopy transitive imports (legacy)",
         "6281560916131212365"],
        ["ComputationalPaths.Path.Homotopy.HigherHomotopy:importAllArts",
         "1146096830142592409"],
        ["ComputationalPaths.Path.Homotopy.CoveringSpace transitive imports (legacy)",
         "7540903120480639547"],
        ["ComputationalPaths.Path.Homotopy.CoveringSpace:importAllArts",
         "17811564182417484620"],
        ["ComputationalPaths.Path.HIT.Sphere transitive imports (legacy)",
         "10083095261078759332"],
        ["ComputationalPaths.Path.HIT.Sphere:importAllArts",
         "17004516855263304845"],
        ["ComputationalPaths.Path.HIT.ProjectiveSpaces transitive imports (legacy)",
         "6311954271668416200"],
        ["ComputationalPaths.Path.HIT.ProjectiveSpaces:importAllArts",
         "15717485365826461948"],
        ["ComputationalPaths.Path.HIT.ComplexProjectiveSpaces transitive imports (legacy)",
         "18109533378436884276"],
        ["ComputationalPaths.Path.HIT.ComplexProjectiveSpaces:importAllArts",
         "14982718727400140891"],
        ["ComputationalPaths.Path.HIT.QuaternionicProjectiveSpaces transitive imports (legacy)",
         "9750329461630254155"],
        ["ComputationalPaths.Path.HIT.QuaternionicProjectiveSpaces:importAllArts",
         "5427728247314682753"],
        ["ComputationalPaths.Path.HIT.OrientableSurface transitive imports (legacy)",
         "1731374790328094196"],
        ["ComputationalPaths.Path.HIT.OrientableSurface:importAllArts",
         "16856560260810801700"]]]]],
    ["libs",
     [["import dynlibs", "1723"],
      ["package external libraries", "1723"],
      ["module dynlibs", "1723"],
      ["module plugins", "1723"]]]]],
  ["Lean 4.24.0, commit 797c613eb9b6d4ec95db23e3e00af9ac6657f24b",
   "1165570713881806064"],
  ["Q:\\src\\ComputationalPaths\\paper\\anonymous-repo\\ComputationalPaths\\Path\\Homotopy\\Pi2Surfaces.lean",
   "17432993822038714010"],
  ["options", "1723"],
  ["Module.leanArgs: #[]", "1723"]],
 "depHash": "1471295816884590747"}