{"synthetic": false,
 "outputs":
 {"o": ["18233995234112578279"],
  "i": "13620281126362437715",
  "c": "18127590226300206616"},
 "log":
 [{"message":
   ".> LEAN_PATH=Q:\\src\\ComputationalPaths\\paper\\anonymous-repo\\.lake\\build\\lib\\lean c:\\Users\\arfreita\\.elan\\toolchains\\leanprover--lean4---v4.24.0\\bin\\lean.exe Q:\\src\\ComputationalPaths\\paper\\anonymous-repo\\ComputationalPaths\\Path\\Homotopy\\ProductFundamentalGroup.lean -o Q:\\src\\ComputationalPaths\\paper\\anonymous-repo\\.lake\\build\\lib\\lean\\ComputationalPaths\\Path\\Homotopy\\ProductFundamentalGroup.olean -i Q:\\src\\ComputationalPaths\\paper\\anonymous-repo\\.lake\\build\\lib\\lean\\ComputationalPaths\\Path\\Homotopy\\ProductFundamentalGroup.ilean -c Q:\\src\\ComputationalPaths\\paper\\anonymous-repo\\.lake\\build\\ir\\ComputationalPaths\\Path\\Homotopy\\ProductFundamentalGroup.c --setup Q:\\src\\ComputationalPaths\\paper\\anonymous-repo\\.lake\\build\\ir\\ComputationalPaths\\Path\\Homotopy\\ProductFundamentalGroup.setup.json --json",
   "level": "trace"}],
 "inputs":
 [["ComputationalPaths.Path.Homotopy.ProductFundamentalGroup:deps",
   [["deps",
     [["computational_paths/ComputationalPaths:extraDep",
       [["@computational_paths:extraDep", "1723"]]],
      ["imports",
       [["ComputationalPaths.Path.Homotopy.FundamentalGroup transitive imports (legacy)",
         "15828169745815090588"],
        ["ComputationalPaths.Path.Homotopy.FundamentalGroup:importAllArts",
         "15365719571878537335"],
        ["ComputationalPaths.Path.Homotopy.Loops transitive imports (legacy)",
         "18006383912236554086"],
        ["ComputationalPaths.Path.Homotopy.Loops:importAllArts",
         "12503084224820879148"],
        ["ComputationalPaths.Path.Rewrite.Quot transitive imports (legacy)",
         "18072153935592867911"],
        ["ComputationalPaths.Path.Rewrite.Quot:importAllArts",
         "17267245682977618671"]]]]],
    ["libs",
     [["import dynlibs", "1723"],
      ["package external libraries", "1723"],
      ["module dynlibs", "1723"],
      ["module plugins", "1723"]]]]],
  ["Lean 4.24.0, commit 797c613eb9b6d4ec95db23e3e00af9ac6657f24b",
   "1165570713881806064"],
  ["Q:\\src\\ComputationalPaths\\paper\\anonymous-repo\\ComputationalPaths\\Path\\Homotopy\\ProductFundamentalGroup.lean",
   "8949625564568370738"],
  ["options", "1723"],
  ["Module.leanArgs: #[]", "1723"]],
 "depHash": "13554709082899572293"}