{"synthetic": false,
 "outputs":
 {"o": ["3948500283250949363"],
  "i": "14439348537709955045",
  "c": "4196277068285904678"},
 "log":
 [{"message":
   ".> LEAN_PATH=Q:\\src\\ComputationalPaths\\paper\\anonymous-repo\\.lake\\build\\lib\\lean c:\\Users\\arfreita\\.elan\\toolchains\\leanprover--lean4---v4.24.0\\bin\\lean.exe Q:\\src\\ComputationalPaths\\paper\\anonymous-repo\\ComputationalPaths\\Path\\OmegaGroupoid\\Derived.lean -o Q:\\src\\ComputationalPaths\\paper\\anonymous-repo\\.lake\\build\\lib\\lean\\ComputationalPaths\\Path\\OmegaGroupoid\\Derived.olean -i Q:\\src\\ComputationalPaths\\paper\\anonymous-repo\\.lake\\build\\lib\\lean\\ComputationalPaths\\Path\\OmegaGroupoid\\Derived.ilean -c Q:\\src\\ComputationalPaths\\paper\\anonymous-repo\\.lake\\build\\ir\\ComputationalPaths\\Path\\OmegaGroupoid\\Derived.c --setup Q:\\src\\ComputationalPaths\\paper\\anonymous-repo\\.lake\\build\\ir\\ComputationalPaths\\Path\\OmegaGroupoid\\Derived.setup.json --json",
   "level": "trace"}],
 "inputs":
 [["ComputationalPaths.Path.OmegaGroupoid.Derived:deps",
   [["deps",
     [["computational_paths/ComputationalPaths:extraDep",
       [["@computational_paths:extraDep", "1723"]]],
      ["imports",
       [["ComputationalPaths.Path.OmegaGroupoid transitive imports (legacy)",
         "13822302787366031853"],
        ["ComputationalPaths.Path.OmegaGroupoid:importAllArts",
         "1857431552381690718"],
        ["ComputationalPaths.Path.Rewrite.PathTactic transitive imports (legacy)",
         "12594647605937203185"],
        ["ComputationalPaths.Path.Rewrite.PathTactic:importAllArts",
         "17704963780282964051"]]]]],
    ["libs",
     [["import dynlibs", "1723"],
      ["package external libraries", "1723"],
      ["module dynlibs", "1723"],
      ["module plugins", "1723"]]]]],
  ["Lean 4.24.0, commit 797c613eb9b6d4ec95db23e3e00af9ac6657f24b",
   "1165570713881806064"],
  ["Q:\\src\\ComputationalPaths\\paper\\anonymous-repo\\ComputationalPaths\\Path\\OmegaGroupoid\\Derived.lean",
   "13389903293645196423"],
  ["options", "1723"],
  ["Module.leanArgs: #[]", "1723"]],
 "depHash": "18122554082121981395"}