{"synthetic": false,
 "outputs":
 {"o": ["12157354029033761245"],
  "i": "8687684649015814385",
  "c": "7347111008713953299"},
 "log":
 [{"message":
   ".> LEAN_PATH=Q:\\src\\ComputationalPaths\\paper\\anonymous-repo\\.lake\\build\\lib\\lean c:\\Users\\arfreita\\.elan\\toolchains\\leanprover--lean4---v4.24.0\\bin\\lean.exe Q:\\src\\ComputationalPaths\\paper\\anonymous-repo\\ComputationalPaths\\Path\\OmegaGroupoid\\StepToCanonical.lean -o Q:\\src\\ComputationalPaths\\paper\\anonymous-repo\\.lake\\build\\lib\\lean\\ComputationalPaths\\Path\\OmegaGroupoid\\StepToCanonical.olean -i Q:\\src\\ComputationalPaths\\paper\\anonymous-repo\\.lake\\build\\lib\\lean\\ComputationalPaths\\Path\\OmegaGroupoid\\StepToCanonical.ilean -c Q:\\src\\ComputationalPaths\\paper\\anonymous-repo\\.lake\\build\\ir\\ComputationalPaths\\Path\\OmegaGroupoid\\StepToCanonical.c --setup Q:\\src\\ComputationalPaths\\paper\\anonymous-repo\\.lake\\build\\ir\\ComputationalPaths\\Path\\OmegaGroupoid\\StepToCanonical.setup.json --json",
   "level": "trace"}],
 "inputs":
 [["ComputationalPaths.Path.OmegaGroupoid.StepToCanonical:deps",
   [["deps",
     [["computational_paths/ComputationalPaths:extraDep",
       [["@computational_paths:extraDep", "1723"]]],
      ["imports",
       [["ComputationalPaths.Path.OmegaGroupoid transitive imports (legacy)",
         "13822302787366031853"],
        ["ComputationalPaths.Path.OmegaGroupoid:importAllArts",
         "1857431552381690718"]]]]],
    ["libs",
     [["import dynlibs", "1723"],
      ["package external libraries", "1723"],
      ["module dynlibs", "1723"],
      ["module plugins", "1723"]]]]],
  ["Lean 4.24.0, commit 797c613eb9b6d4ec95db23e3e00af9ac6657f24b",
   "1165570713881806064"],
  ["Q:\\src\\ComputationalPaths\\paper\\anonymous-repo\\ComputationalPaths\\Path\\OmegaGroupoid\\StepToCanonical.lean",
   "7178291922529592828"],
  ["options", "1723"],
  ["Module.leanArgs: #[]", "1723"]],
 "depHash": "14813636003314485208"}