{"synthetic": false,
 "outputs":
 {"o": ["11113532399401173784"],
  "i": "9912237904028577728",
  "c": "2640653419028431619"},
 "log":
 [{"message":
   ".> LEAN_PATH=Q:\\src\\ComputationalPaths\\paper\\anonymous-repo\\.lake\\build\\lib\\lean c:\\Users\\arfreita\\.elan\\toolchains\\leanprover--lean4---v4.24.0\\bin\\lean.exe Q:\\src\\ComputationalPaths\\paper\\anonymous-repo\\ComputationalPaths\\Path.lean -o Q:\\src\\ComputationalPaths\\paper\\anonymous-repo\\.lake\\build\\lib\\lean\\ComputationalPaths\\Path.olean -i Q:\\src\\ComputationalPaths\\paper\\anonymous-repo\\.lake\\build\\lib\\lean\\ComputationalPaths\\Path.ilean -c Q:\\src\\ComputationalPaths\\paper\\anonymous-repo\\.lake\\build\\ir\\ComputationalPaths\\Path.c --setup Q:\\src\\ComputationalPaths\\paper\\anonymous-repo\\.lake\\build\\ir\\ComputationalPaths\\Path.setup.json --json",
   "level": "trace"}],
 "inputs":
 [["ComputationalPaths.Path:deps",
   [["deps",
     [["computational_paths/ComputationalPaths:extraDep",
       [["@computational_paths:extraDep", "1723"]]],
      ["imports",
       [["ComputationalPaths.Path.Basic transitive imports (legacy)",
         "13166546554290561652"],
        ["ComputationalPaths.Path.Basic:importAllArts", "14295185162380247727"],
        ["ComputationalPaths.Path.Basic.Univalence transitive imports (legacy)",
         "15624898885766019627"],
        ["ComputationalPaths.Path.Basic.Univalence:importAllArts",
         "3100388809348300509"],
        ["ComputationalPaths.Path.Rewrite.SimpleEquiv transitive imports (legacy)",
         "12732349325376460138"],
        ["ComputationalPaths.Path.Rewrite.SimpleEquiv:importAllArts",
         "6976224576165444915"],
        ["ComputationalPaths.Path.Rewrite.Step transitive imports (legacy)",
         "13264668378266923917"],
        ["ComputationalPaths.Path.Rewrite.Step:importAllArts",
         "17486368645414971470"],
        ["ComputationalPaths.Path.Rewrite.Rw transitive imports (legacy)",
         "4342033857644187428"],
        ["ComputationalPaths.Path.Rewrite.Rw:importAllArts",
         "4398956331511067199"],
        ["ComputationalPaths.Path.Rewrite.RwEq transitive imports (legacy)",
         "1820527174155481447"],
        ["ComputationalPaths.Path.Rewrite.RwEq:importAllArts",
         "10247114989337850578"],
        ["ComputationalPaths.Path.Rewrite.Quot transitive imports (legacy)",
         "18072153935592867911"],
        ["ComputationalPaths.Path.Rewrite.Quot:importAllArts",
         "17267245682977618671"],
        ["ComputationalPaths.Path.Rewrite.LNDEQ transitive imports (legacy)",
         "4133126724665948908"],
        ["ComputationalPaths.Path.Rewrite.LNDEQ:importAllArts",
         "18282019211639504618"],
        ["ComputationalPaths.Path.Rewrite.Termination transitive imports (legacy)",
         "2773771664632988685"],
        ["ComputationalPaths.Path.Rewrite.Termination:importAllArts",
         "16089924482318460967"],
        ["ComputationalPaths.Path.Rewrite.Confluence transitive imports (legacy)",
         "14660107560791184776"],
        ["ComputationalPaths.Path.Rewrite.Confluence:importAllArts",
         "354047418175404197"],
        ["ComputationalPaths.Path.Rewrite.ConfluenceProof transitive imports (legacy)",
         "7516157407445745049"],
        ["ComputationalPaths.Path.Rewrite.ConfluenceProof:importAllArts",
         "10800676315493700956"],
        ["ComputationalPaths.Path.Rewrite.ConfluenceConstructive transitive imports (legacy)",
         "2904075289834251884"],
        ["ComputationalPaths.Path.Rewrite.ConfluenceConstructive:importAllArts",
         "8077682213652180207"],
        ["ComputationalPaths.Path.Rewrite.TerminationBridge transitive imports (legacy)",
         "13893550849970242440"],
        ["ComputationalPaths.Path.Rewrite.TerminationBridge:importAllArts",
         "12550800237964953307"],
        ["ComputationalPaths.Path.Rewrite.PathTactic transitive imports (legacy)",
         "12594647605937203185"],
        ["ComputationalPaths.Path.Rewrite.PathTactic:importAllArts",
         "17704963780282964051"],
        ["ComputationalPaths.Path.Rewrite.StripLemma transitive imports (legacy)",
         "5913968798513074725"],
        ["ComputationalPaths.Path.Rewrite.StripLemma:importAllArts",
         "2316280315128915425"],
        ["ComputationalPaths.Path.Groupoid transitive imports (legacy)",
         "14001105567435588301"],
        ["ComputationalPaths.Path.Groupoid:importAllArts",
         "14713676025652715121"],
        ["ComputationalPaths.Path.Bicategory transitive imports (legacy)",
         "15858628580117431486"],
        ["ComputationalPaths.Path.Bicategory:importAllArts",
         "16763683524864836718"],
        ["ComputationalPaths.Path.Homotopy.Loops transitive imports (legacy)",
         "18006383912236554086"],
        ["ComputationalPaths.Path.Homotopy.Loops:importAllArts",
         "12503084224820879148"],
        ["ComputationalPaths.Path.Homotopy.FundamentalGroup transitive imports (legacy)",
         "15828169745815090588"],
        ["ComputationalPaths.Path.Homotopy.FundamentalGroup:importAllArts",
         "15365719571878537335"],
        ["ComputationalPaths.Path.Homotopy.LoopIteration transitive imports (legacy)",
         "14054757363560270845"],
        ["ComputationalPaths.Path.Homotopy.LoopIteration:importAllArts",
         "17410510906280239178"],
        ["ComputationalPaths.Path.Homotopy.IntArith transitive imports (legacy)",
         "1723"],
        ["ComputationalPaths.Path.Homotopy.IntArith:importAllArts",
         "9243458894105077269"],
        ["ComputationalPaths.Path.Homotopy.HigherHomotopy transitive imports (legacy)",
         "6281560916131212365"],
        ["ComputationalPaths.Path.Homotopy.HigherHomotopy:importAllArts",
         "1146096830142592409"],
        ["ComputationalPaths.Path.Homotopy.Truncation transitive imports (legacy)",
         "9749529306432557341"],
        ["ComputationalPaths.Path.Homotopy.Truncation:importAllArts",
         "11059945228445104978"],
        ["ComputationalPaths.Path.Homotopy.CoveringSpace transitive imports (legacy)",
         "7540903120480639547"],
        ["ComputationalPaths.Path.Homotopy.CoveringSpace:importAllArts",
         "17811564182417484620"],
        ["ComputationalPaths.Path.Homotopy.Fibration transitive imports (legacy)",
         "17698734827165416125"],
        ["ComputationalPaths.Path.Homotopy.Fibration:importAllArts",
         "583466694079354754"],
        ["ComputationalPaths.Path.Homotopy.LongExactSequence transitive imports (legacy)",
         "9240605942462427295"],
        ["ComputationalPaths.Path.Homotopy.LongExactSequence:importAllArts",
         "5125853378590871652"],
        ["ComputationalPaths.Path.Homotopy.HigherInducedMaps transitive imports (legacy)",
         "3613986772921035938"],
        ["ComputationalPaths.Path.Homotopy.HigherInducedMaps:importAllArts",
         "6826898725878451952"],
        ["ComputationalPaths.Path.Homotopy.SuspensionLoop transitive imports (legacy)",
         "9904760003259716389"],
        ["ComputationalPaths.Path.Homotopy.SuspensionLoop:importAllArts",
         "1161990448119746728"],
        ["ComputationalPaths.Path.Homotopy.EilenbergMacLane transitive imports (legacy)",
         "17288841769177963136"],
        ["ComputationalPaths.Path.Homotopy.EilenbergMacLane:importAllArts",
         "5363454557154290001"],
        ["ComputationalPaths.Path.Homotopy.FreudenthalSuspension transitive imports (legacy)",
         "6570153304106455677"],
        ["ComputationalPaths.Path.Homotopy.FreudenthalSuspension:importAllArts",
         "6314059488275932759"],
        ["ComputationalPaths.Path.Homotopy.FundamentalGroupoid transitive imports (legacy)",
         "7094692067067405514"],
        ["ComputationalPaths.Path.Homotopy.FundamentalGroupoid:importAllArts",
         "9450438859111032117"],
        ["ComputationalPaths.Path.Homotopy.ProductFundamentalGroup transitive imports (legacy)",
         "5654001500346601691"],
        ["ComputationalPaths.Path.Homotopy.ProductFundamentalGroup:importAllArts",
         "12413582735885740176"],
        ["ComputationalPaths.Path.Homotopy.HigherProductHomotopy transitive imports (legacy)",
         "14751307625015483109"],
        ["ComputationalPaths.Path.Homotopy.HigherProductHomotopy:importAllArts",
         "1434430880005898563"],
        ["ComputationalPaths.Path.Homotopy.LieGroups transitive imports (legacy)",
         "3138433332152653933"],
        ["ComputationalPaths.Path.Homotopy.LieGroups:importAllArts",
         "15544638338850624359"],
        ["ComputationalPaths.Path.Homotopy.Hurewicz transitive imports (legacy)",
         "18121006249223624847"],
        ["ComputationalPaths.Path.Homotopy.Hurewicz:importAllArts",
         "11336466814251780933"],
        ["ComputationalPaths.Path.Homotopy.CoveringClassification transitive imports (legacy)",
         "14412289730824478282"],
        ["ComputationalPaths.Path.Homotopy.CoveringClassification:importAllArts",
         "11331302634536251559"],
        ["ComputationalPaths.Path.Homotopy.CellularHomology transitive imports (legacy)",
         "17612766372094018950"],
        ["ComputationalPaths.Path.Homotopy.CellularHomology:importAllArts",
         "973363592932274363"],
        ["ComputationalPaths.Path.Homotopy.MayerVietoris transitive imports (legacy)",
         "7626421760513327161"],
        ["ComputationalPaths.Path.Homotopy.MayerVietoris:importAllArts",
         "11010079373871423574"],
        ["ComputationalPaths.Path.Homotopy.WhiteheadTheorem transitive imports (legacy)",
         "13938559977920082689"],
        ["ComputationalPaths.Path.Homotopy.WhiteheadTheorem:importAllArts",
         "11591896814650236804"],
        ["ComputationalPaths.Path.Homotopy.Pi2Surfaces transitive imports (legacy)",
         "6421803323492706431"],
        ["ComputationalPaths.Path.Homotopy.Pi2Surfaces:importAllArts",
         "8143009995196112335"],
        ["ComputationalPaths.Path.Homotopy.Sets transitive imports (legacy)",
         "8943208586350545250"],
        ["ComputationalPaths.Path.Homotopy.Sets:importAllArts",
         "5260678724365589517"],
        ["ComputationalPaths.Path.Homotopy.Reflexivity transitive imports (legacy)",
         "12594647605937203185"],
        ["ComputationalPaths.Path.Homotopy.Reflexivity:importAllArts",
         "6198404728200891697"],
        ["ComputationalPaths.Path.Homotopy.IdentityType transitive imports (legacy)",
         "13167189909696044030"],
        ["ComputationalPaths.Path.Homotopy.IdentityType:importAllArts",
         "16875653720163595986"],
        ["ComputationalPaths.Path.Homotopy.Coproduct transitive imports (legacy)",
         "12684863259489405294"],
        ["ComputationalPaths.Path.Homotopy.Coproduct:importAllArts",
         "17406097757330262992"],
        ["ComputationalPaths.Path.HIT.Circle transitive imports (legacy)",
         "1182453586561162334"],
        ["ComputationalPaths.Path.HIT.Circle:importAllArts",
         "5948076271100287448"],
        ["ComputationalPaths.Path.HIT.CircleStep transitive imports (legacy)",
         "11678686205064668250"],
        ["ComputationalPaths.Path.HIT.CircleStep:importAllArts",
         "630059727607174283"],
        ["ComputationalPaths.Path.Homotopy.HoTT transitive imports (legacy)",
         "12732349325376460138"],
        ["ComputationalPaths.Path.Homotopy.HoTT:importAllArts",
         "697569835683166871"],
        ["ComputationalPaths.Path.HIT.Torus transitive imports (legacy)",
         "8804720490742004957"],
        ["ComputationalPaths.Path.HIT.Torus:importAllArts",
         "1532116777451132112"],
        ["ComputationalPaths.Path.HIT.TorusStep transitive imports (legacy)",
         "10948584477722561024"],
        ["ComputationalPaths.Path.HIT.TorusStep:importAllArts",
         "2069758943430200707"],
        ["ComputationalPaths.Path.HIT.KleinBottle transitive imports (legacy)",
         "11808658572548752050"],
        ["ComputationalPaths.Path.HIT.KleinBottle:importAllArts",
         "10070072143935765997"],
        ["ComputationalPaths.Path.HIT.ProjectivePlane transitive imports (legacy)",
         "11808658572548752050"],
        ["ComputationalPaths.Path.HIT.ProjectivePlane:importAllArts",
         "11242355307534526671"],
        ["ComputationalPaths.Path.HIT.Cylinder transitive imports (legacy)",
         "8767043251706793336"],
        ["ComputationalPaths.Path.HIT.Cylinder:importAllArts",
         "17283681641689543555"],
        ["ComputationalPaths.Path.HIT.MobiusBand transitive imports (legacy)",
         "8767043251706793336"],
        ["ComputationalPaths.Path.HIT.MobiusBand:importAllArts",
         "4344653497776557406"],
        ["ComputationalPaths.Path.HIT.KleinBottleStep transitive imports (legacy)",
         "13135487340373599128"],
        ["ComputationalPaths.Path.HIT.KleinBottleStep:importAllArts",
         "10009885269053314869"],
        ["ComputationalPaths.Path.HIT.KleinBottleSVK transitive imports (legacy)",
         "9105918565711023384"],
        ["ComputationalPaths.Path.HIT.KleinBottleSVK:importAllArts",
         "10621876343573914376"],
        ["ComputationalPaths.Path.HIT.ProjectivePlaneStep transitive imports (legacy)",
         "4536254589157741012"],
        ["ComputationalPaths.Path.HIT.ProjectivePlaneStep:importAllArts",
         "14109903021713646610"],
        ["ComputationalPaths.Path.HIT.ProjectivePlaneSVK transitive imports (legacy)",
         "5899374104476617463"],
        ["ComputationalPaths.Path.HIT.ProjectivePlaneSVK:importAllArts",
         "4680473980204016068"],
        ["ComputationalPaths.Path.HIT.ProjectivePlanePi2 transitive imports (legacy)",
         "9010757513829976800"],
        ["ComputationalPaths.Path.HIT.ProjectivePlanePi2:importAllArts",
         "7118691552033564155"],
        ["ComputationalPaths.Path.HIT.Pushout transitive imports (legacy)",
         "1799495058327528207"],
        ["ComputationalPaths.Path.HIT.Pushout:importAllArts",
         "12179956838139942830"],
        ["ComputationalPaths.Path.HIT.PushoutPaths transitive imports (legacy)",
         "11688346068298890183"],
        ["ComputationalPaths.Path.HIT.PushoutPaths:importAllArts",
         "13344572497526872827"],
        ["ComputationalPaths.Path.HIT.FigureEight transitive imports (legacy)",
         "7730382909964734523"],
        ["ComputationalPaths.Path.HIT.FigureEight:importAllArts",
         "7355597667452248993"],
        ["ComputationalPaths.Path.HIT.BouquetN transitive imports (legacy)",
         "11665302626905365708"],
        ["ComputationalPaths.Path.HIT.BouquetN:importAllArts",
         "6684918996279600208"],
        ["ComputationalPaths.Path.HIT.Sphere transitive imports (legacy)",
         "10083095261078759332"],
        ["ComputationalPaths.Path.HIT.Sphere:importAllArts",
         "17004516855263304845"],
        ["ComputationalPaths.Path.HIT.HopfFibration transitive imports (legacy)",
         "8202582480115749960"],
        ["ComputationalPaths.Path.HIT.HopfFibration:importAllArts",
         "10296258675698884771"],
        ["ComputationalPaths.Path.HIT.Pi2Sphere transitive imports (legacy)",
         "14437998980817293848"],
        ["ComputationalPaths.Path.HIT.Pi2Sphere:importAllArts",
         "9150814197641354777"],
        ["ComputationalPaths.Path.HIT.Pi3Sphere transitive imports (legacy)",
         "13834170545532729690"],
        ["ComputationalPaths.Path.HIT.Pi3Sphere:importAllArts",
         "7888894607647565638"],
        ["ComputationalPaths.Path.HIT.Pi4S3 transitive imports (legacy)",
         "14529646776495871451"],
        ["ComputationalPaths.Path.HIT.Pi4S3:importAllArts",
         "15381234827327783406"],
        ["ComputationalPaths.Path.HIT.Pi6S3 transitive imports (legacy)",
         "13532936060759277671"],
        ["ComputationalPaths.Path.HIT.Pi6S3:importAllArts",
         "851351222083449711"],
        ["ComputationalPaths.Path.HIT.QuaternionicHopf transitive imports (legacy)",
         "6131429719694314896"],
        ["ComputationalPaths.Path.HIT.QuaternionicHopf:importAllArts",
         "9424268487398382298"],
        ["ComputationalPaths.Path.HIT.OctonionicHopf transitive imports (legacy)",
         "12164358964543838878"],
        ["ComputationalPaths.Path.HIT.OctonionicHopf:importAllArts",
         "12389528843010179037"],
        ["ComputationalPaths.Path.HIT.OrientableSurface transitive imports (legacy)",
         "1731374790328094196"],
        ["ComputationalPaths.Path.HIT.OrientableSurface:importAllArts",
         "16856560260810801700"],
        ["ComputationalPaths.Path.HIT.NonOrientableSurface transitive imports (legacy)",
         "4352919766266046716"],
        ["ComputationalPaths.Path.HIT.NonOrientableSurface:importAllArts",
         "5626158212165908788"],
        ["ComputationalPaths.Path.HIT.TorusGenus1 transitive imports (legacy)",
         "17828405466808539332"],
        ["ComputationalPaths.Path.HIT.TorusGenus1:importAllArts",
         "6343944058416451683"],
        ["ComputationalPaths.Path.HIT.LensSpace transitive imports (legacy)",
         "2847315120421062563"],
        ["ComputationalPaths.Path.HIT.LensSpace:importAllArts",
         "7226590922113445849"],
        ["ComputationalPaths.Path.HIT.ProjectiveSpaces transitive imports (legacy)",
         "6311954271668416200"],
        ["ComputationalPaths.Path.HIT.ProjectiveSpaces:importAllArts",
         "15717485365826461948"],
        ["ComputationalPaths.Path.HIT.ComplexProjectiveSpaces transitive imports (legacy)",
         "18109533378436884276"],
        ["ComputationalPaths.Path.HIT.ComplexProjectiveSpaces:importAllArts",
         "14982718727400140891"],
        ["ComputationalPaths.Path.HIT.QuaternionicProjectiveSpaces transitive imports (legacy)",
         "9750329461630254155"],
        ["ComputationalPaths.Path.HIT.QuaternionicProjectiveSpaces:importAllArts",
         "5427728247314682753"],
        ["ComputationalPaths.Path.HIT.SVKApplications transitive imports (legacy)",
         "393671439319337804"],
        ["ComputationalPaths.Path.HIT.SVKApplications:importAllArts",
         "1500784551224634504"],
        ["ComputationalPaths.Path.HIT.JamesConstruction transitive imports (legacy)",
         "11782940435769517330"],
        ["ComputationalPaths.Path.HIT.JamesConstruction:importAllArts",
         "14802310809455674793"],
        ["ComputationalPaths.Path.HIT.HopfInvariantOne transitive imports (legacy)",
         "12989335508531099149"],
        ["ComputationalPaths.Path.HIT.HopfInvariantOne:importAllArts",
         "3173191772853164363"],
        ["ComputationalPaths.Path.OmegaGroupoid transitive imports (legacy)",
         "13822302787366031853"],
        ["ComputationalPaths.Path.OmegaGroupoid:importAllArts",
         "1857431552381690718"],
        ["ComputationalPaths.Path.OmegaGroupoid.Derived transitive imports (legacy)",
         "1760461917300511178"],
        ["ComputationalPaths.Path.OmegaGroupoid.Derived:importAllArts",
         "10958779604659668243"],
        ["ComputationalPaths.Path.OmegaGroupoid.StepToCanonical transitive imports (legacy)",
         "779806928663096230"],
        ["ComputationalPaths.Path.OmegaGroupoid.StepToCanonical:importAllArts",
         "14287327024780176068"],
        ["ComputationalPaths.Path.OmegaGroupoid.AxiomAnalysis transitive imports (legacy)",
         "779806928663096230"],
        ["ComputationalPaths.Path.OmegaGroupoid.AxiomAnalysis:importAllArts",
         "1464452003894113861"]]]]],
    ["libs",
     [["import dynlibs", "1723"],
      ["package external libraries", "1723"],
      ["module dynlibs", "1723"],
      ["module plugins", "1723"]]]]],
  ["Lean 4.24.0, commit 797c613eb9b6d4ec95db23e3e00af9ac6657f24b",
   "1165570713881806064"],
  ["Q:\\src\\ComputationalPaths\\paper\\anonymous-repo\\ComputationalPaths\\Path.lean",
   "8464846215834642852"],
  ["options", "1723"],
  ["Module.leanArgs: #[]", "1723"]],
 "depHash": "7053332268855922568"}