{"synthetic": false,
 "outputs":
 {"o": ["9947688272998962537"],
  "i": "11400151675625295391",
  "c": "6418123144204674599"},
 "log":
 [{"message":
   ".> LEAN_PATH=Q:\\src\\ComputationalPaths\\paper\\anonymous-repo\\.lake\\build\\lib\\lean c:\\Users\\arfreita\\.elan\\toolchains\\leanprover--lean4---v4.24.0\\bin\\lean.exe Q:\\src\\ComputationalPaths\\paper\\anonymous-repo\\ComputationalPaths\\Path\\HIT\\CircleStep.lean -o Q:\\src\\ComputationalPaths\\paper\\anonymous-repo\\.lake\\build\\lib\\lean\\ComputationalPaths\\Path\\HIT\\CircleStep.olean -i Q:\\src\\ComputationalPaths\\paper\\anonymous-repo\\.lake\\build\\lib\\lean\\ComputationalPaths\\Path\\HIT\\CircleStep.ilean -c Q:\\src\\ComputationalPaths\\paper\\anonymous-repo\\.lake\\build\\ir\\ComputationalPaths\\Path\\HIT\\CircleStep.c --setup Q:\\src\\ComputationalPaths\\paper\\anonymous-repo\\.lake\\build\\ir\\ComputationalPaths\\Path\\HIT\\CircleStep.setup.json --json",
   "level": "trace"}],
 "inputs":
 [["ComputationalPaths.Path.HIT.CircleStep:deps",
   [["deps",
     [["computational_paths/ComputationalPaths:extraDep",
       [["@computational_paths:extraDep", "1723"]]],
      ["imports",
       [["ComputationalPaths.Path.HIT.Circle transitive imports (legacy)",
         "1182453586561162334"],
        ["ComputationalPaths.Path.HIT.Circle:importAllArts",
         "5948076271100287448"],
        ["ComputationalPaths.Path.Rewrite.SimpleEquiv transitive imports (legacy)",
         "12732349325376460138"],
        ["ComputationalPaths.Path.Rewrite.SimpleEquiv:importAllArts",
         "6976224576165444915"]]]]],
    ["libs",
     [["import dynlibs", "1723"],
      ["package external libraries", "1723"],
      ["module dynlibs", "1723"],
      ["module plugins", "1723"]]]]],
  ["Lean 4.24.0, commit 797c613eb9b6d4ec95db23e3e00af9ac6657f24b",
   "1165570713881806064"],
  ["Q:\\src\\ComputationalPaths\\paper\\anonymous-repo\\ComputationalPaths\\Path\\HIT\\CircleStep.lean",
   "5837377513493593603"],
  ["options", "1723"],
  ["Module.leanArgs: #[]", "1723"]],
 "depHash": "7556877054203836131"}