{"synthetic": false,
 "outputs":
 {"o": ["14498783842155154792"],
  "i": "11200369556634407503",
  "c": "1147609900448930951"},
 "log":
 [{"message":
   ".> LEAN_PATH=Q:\\src\\ComputationalPaths\\paper\\anonymous-repo\\.lake\\build\\lib\\lean c:\\Users\\arfreita\\.elan\\toolchains\\leanprover--lean4---v4.24.0\\bin\\lean.exe Q:\\src\\ComputationalPaths\\paper\\anonymous-repo\\ComputationalPaths\\Path\\HIT\\Cylinder.lean -o Q:\\src\\ComputationalPaths\\paper\\anonymous-repo\\.lake\\build\\lib\\lean\\ComputationalPaths\\Path\\HIT\\Cylinder.olean -i Q:\\src\\ComputationalPaths\\paper\\anonymous-repo\\.lake\\build\\lib\\lean\\ComputationalPaths\\Path\\HIT\\Cylinder.ilean -c Q:\\src\\ComputationalPaths\\paper\\anonymous-repo\\.lake\\build\\ir\\ComputationalPaths\\Path\\HIT\\Cylinder.c --setup Q:\\src\\ComputationalPaths\\paper\\anonymous-repo\\.lake\\build\\ir\\ComputationalPaths\\Path\\HIT\\Cylinder.setup.json --json",
   "level": "trace"}],
 "inputs":
 [["ComputationalPaths.Path.HIT.Cylinder:deps",
   [["deps",
     [["computational_paths/ComputationalPaths:extraDep",
       [["@computational_paths:extraDep", "1723"]]],
      ["imports",
       [["ComputationalPaths.Path.Basic transitive imports (legacy)",
         "13166546554290561652"],
        ["ComputationalPaths.Path.Basic:importAllArts", "14295185162380247727"],
        ["ComputationalPaths.Path.Homotopy.Loops transitive imports (legacy)",
         "18006383912236554086"],
        ["ComputationalPaths.Path.Homotopy.Loops:importAllArts",
         "12503084224820879148"],
        ["ComputationalPaths.Path.Homotopy.FundamentalGroup transitive imports (legacy)",
         "15828169745815090588"],
        ["ComputationalPaths.Path.Homotopy.FundamentalGroup:importAllArts",
         "15365719571878537335"],
        ["ComputationalPaths.Path.Rewrite.Quot transitive imports (legacy)",
         "18072153935592867911"],
        ["ComputationalPaths.Path.Rewrite.Quot:importAllArts",
         "17267245682977618671"],
        ["ComputationalPaths.Path.HIT.Circle transitive imports (legacy)",
         "1182453586561162334"],
        ["ComputationalPaths.Path.HIT.Circle:importAllArts",
         "5948076271100287448"],
        ["ComputationalPaths.Path.HIT.CircleStep transitive imports (legacy)",
         "11678686205064668250"],
        ["ComputationalPaths.Path.HIT.CircleStep:importAllArts",
         "630059727607174283"]]]]],
    ["libs",
     [["import dynlibs", "1723"],
      ["package external libraries", "1723"],
      ["module dynlibs", "1723"],
      ["module plugins", "1723"]]]]],
  ["Lean 4.24.0, commit 797c613eb9b6d4ec95db23e3e00af9ac6657f24b",
   "1165570713881806064"],
  ["Q:\\src\\ComputationalPaths\\paper\\anonymous-repo\\ComputationalPaths\\Path\\HIT\\Cylinder.lean",
   "2748254198527259227"],
  ["options", "1723"],
  ["Module.leanArgs: #[]", "1723"]],
 "depHash": "19320767273338330"}