{"synthetic": false,
 "outputs":
 {"o": ["12923988431533397810"],
  "i": "13088284725750999649",
  "c": "12438420867068502837"},
 "log":
 [{"message":
   ".> LEAN_PATH=Q:\\src\\ComputationalPaths\\paper\\anonymous-repo\\.lake\\build\\lib\\lean c:\\Users\\arfreita\\.elan\\toolchains\\leanprover--lean4---v4.24.0\\bin\\lean.exe Q:\\src\\ComputationalPaths\\paper\\anonymous-repo\\ComputationalPaths\\Path\\HIT\\HopfFibration.lean -o Q:\\src\\ComputationalPaths\\paper\\anonymous-repo\\.lake\\build\\lib\\lean\\ComputationalPaths\\Path\\HIT\\HopfFibration.olean -i Q:\\src\\ComputationalPaths\\paper\\anonymous-repo\\.lake\\build\\lib\\lean\\ComputationalPaths\\Path\\HIT\\HopfFibration.ilean -c Q:\\src\\ComputationalPaths\\paper\\anonymous-repo\\.lake\\build\\ir\\ComputationalPaths\\Path\\HIT\\HopfFibration.c --setup Q:\\src\\ComputationalPaths\\paper\\anonymous-repo\\.lake\\build\\ir\\ComputationalPaths\\Path\\HIT\\HopfFibration.setup.json --json",
   "level": "trace"}],
 "inputs":
 [["ComputationalPaths.Path.HIT.HopfFibration:deps",
   [["deps",
     [["computational_paths/ComputationalPaths:extraDep",
       [["@computational_paths:extraDep", "1723"]]],
      ["imports",
       [["ComputationalPaths.Path.HIT.Circle transitive imports (legacy)",
         "1182453586561162334"],
        ["ComputationalPaths.Path.HIT.Circle:importAllArts",
         "5948076271100287448"],
        ["ComputationalPaths.Path.HIT.Sphere transitive imports (legacy)",
         "10083095261078759332"],
        ["ComputationalPaths.Path.HIT.Sphere:importAllArts",
         "17004516855263304845"],
        ["ComputationalPaths.Path.HIT.Pushout transitive imports (legacy)",
         "1799495058327528207"],
        ["ComputationalPaths.Path.HIT.Pushout:importAllArts",
         "12179956838139942830"],
        ["ComputationalPaths.Path.HIT.PushoutPaths transitive imports (legacy)",
         "11688346068298890183"],
        ["ComputationalPaths.Path.HIT.PushoutPaths:importAllArts",
         "13344572497526872827"],
        ["ComputationalPaths.Path.Homotopy.Fibration transitive imports (legacy)",
         "17698734827165416125"],
        ["ComputationalPaths.Path.Homotopy.Fibration:importAllArts",
         "583466694079354754"],
        ["ComputationalPaths.Path.Homotopy.HigherHomotopy transitive imports (legacy)",
         "6281560916131212365"],
        ["ComputationalPaths.Path.Homotopy.HigherHomotopy:importAllArts",
         "1146096830142592409"]]]]],
    ["libs",
     [["import dynlibs", "1723"],
      ["package external libraries", "1723"],
      ["module dynlibs", "1723"],
      ["module plugins", "1723"]]]]],
  ["Lean 4.24.0, commit 797c613eb9b6d4ec95db23e3e00af9ac6657f24b",
   "1165570713881806064"],
  ["Q:\\src\\ComputationalPaths\\paper\\anonymous-repo\\ComputationalPaths\\Path\\HIT\\HopfFibration.lean",
   "6555415111929593641"],
  ["options", "1723"],
  ["Module.leanArgs: #[]", "1723"]],
 "depHash": "8638908599358285365"}