{"synthetic": false,
 "outputs":
 {"o": ["15720888947793290664"],
  "i": "10602912444398506423",
  "c": "8288632436757854544"},
 "log":
 [{"message":
   ".> LEAN_PATH=Q:\\src\\ComputationalPaths\\paper\\anonymous-repo\\.lake\\build\\lib\\lean c:\\Users\\arfreita\\.elan\\toolchains\\leanprover--lean4---v4.24.0\\bin\\lean.exe Q:\\src\\ComputationalPaths\\paper\\anonymous-repo\\ComputationalPaths\\Path\\HIT\\HopfInvariantOne.lean -o Q:\\src\\ComputationalPaths\\paper\\anonymous-repo\\.lake\\build\\lib\\lean\\ComputationalPaths\\Path\\HIT\\HopfInvariantOne.olean -i Q:\\src\\ComputationalPaths\\paper\\anonymous-repo\\.lake\\build\\lib\\lean\\ComputationalPaths\\Path\\HIT\\HopfInvariantOne.ilean -c Q:\\src\\ComputationalPaths\\paper\\anonymous-repo\\.lake\\build\\ir\\ComputationalPaths\\Path\\HIT\\HopfInvariantOne.c --setup Q:\\src\\ComputationalPaths\\paper\\anonymous-repo\\.lake\\build\\ir\\ComputationalPaths\\Path\\HIT\\HopfInvariantOne.setup.json --json",
   "level": "trace"}],
 "inputs":
 [["ComputationalPaths.Path.HIT.HopfInvariantOne:deps",
   [["deps",
     [["computational_paths/ComputationalPaths:extraDep",
       [["@computational_paths:extraDep", "1723"]]],
      ["imports",
       [["ComputationalPaths.Path.HIT.HopfFibration transitive imports (legacy)",
         "8202582480115749960"],
        ["ComputationalPaths.Path.HIT.HopfFibration:importAllArts",
         "10296258675698884771"],
        ["ComputationalPaths.Path.HIT.QuaternionicHopf transitive imports (legacy)",
         "6131429719694314896"],
        ["ComputationalPaths.Path.HIT.QuaternionicHopf:importAllArts",
         "9424268487398382298"],
        ["ComputationalPaths.Path.Homotopy.FreudenthalSuspension transitive imports (legacy)",
         "6570153304106455677"],
        ["ComputationalPaths.Path.Homotopy.FreudenthalSuspension:importAllArts",
         "6314059488275932759"]]]]],
    ["libs",
     [["import dynlibs", "1723"],
      ["package external libraries", "1723"],
      ["module dynlibs", "1723"],
      ["module plugins", "1723"]]]]],
  ["Lean 4.24.0, commit 797c613eb9b6d4ec95db23e3e00af9ac6657f24b",
   "1165570713881806064"],
  ["Q:\\src\\ComputationalPaths\\paper\\anonymous-repo\\ComputationalPaths\\Path\\HIT\\HopfInvariantOne.lean",
   "11095866454281026748"],
  ["options", "1723"],
  ["Module.leanArgs: #[]", "1723"]],
 "depHash": "256098535712761768"}