{"synthetic": false,
 "outputs":
 {"o": ["18150803120311126259"],
  "i": "8971926421712200593",
  "c": "4904901776012088487"},
 "log":
 [{"message":
   ".> LEAN_PATH=Q:\\src\\ComputationalPaths\\paper\\anonymous-repo\\.lake\\build\\lib\\lean c:\\Users\\arfreita\\.elan\\toolchains\\leanprover--lean4---v4.24.0\\bin\\lean.exe Q:\\src\\ComputationalPaths\\paper\\anonymous-repo\\ComputationalPaths\\Path\\HIT\\JamesConstruction.lean -o Q:\\src\\ComputationalPaths\\paper\\anonymous-repo\\.lake\\build\\lib\\lean\\ComputationalPaths\\Path\\HIT\\JamesConstruction.olean -i Q:\\src\\ComputationalPaths\\paper\\anonymous-repo\\.lake\\build\\lib\\lean\\ComputationalPaths\\Path\\HIT\\JamesConstruction.ilean -c Q:\\src\\ComputationalPaths\\paper\\anonymous-repo\\.lake\\build\\ir\\ComputationalPaths\\Path\\HIT\\JamesConstruction.c --setup Q:\\src\\ComputationalPaths\\paper\\anonymous-repo\\.lake\\build\\ir\\ComputationalPaths\\Path\\HIT\\JamesConstruction.setup.json --json",
   "level": "trace"}],
 "inputs":
 [["ComputationalPaths.Path.HIT.JamesConstruction:deps",
   [["deps",
     [["computational_paths/ComputationalPaths:extraDep",
       [["@computational_paths:extraDep", "1723"]]],
      ["imports",
       [["ComputationalPaths.Path.Homotopy.FreudenthalSuspension transitive imports (legacy)",
         "6570153304106455677"],
        ["ComputationalPaths.Path.Homotopy.FreudenthalSuspension:importAllArts",
         "6314059488275932759"],
        ["ComputationalPaths.Path.HIT.Sphere transitive imports (legacy)",
         "10083095261078759332"],
        ["ComputationalPaths.Path.HIT.Sphere:importAllArts",
         "17004516855263304845"],
        ["ComputationalPaths.Path.HIT.Circle transitive imports (legacy)",
         "1182453586561162334"],
        ["ComputationalPaths.Path.HIT.Circle:importAllArts",
         "5948076271100287448"]]]]],
    ["libs",
     [["import dynlibs", "1723"],
      ["package external libraries", "1723"],
      ["module dynlibs", "1723"],
      ["module plugins", "1723"]]]]],
  ["Lean 4.24.0, commit 797c613eb9b6d4ec95db23e3e00af9ac6657f24b",
   "1165570713881806064"],
  ["Q:\\src\\ComputationalPaths\\paper\\anonymous-repo\\ComputationalPaths\\Path\\HIT\\JamesConstruction.lean",
   "262758422702224669"],
  ["options", "1723"],
  ["Module.leanArgs: #[]", "1723"]],
 "depHash": "11051676980280828085"}