{"synthetic": false,
 "outputs":
 {"o": ["6915819712351085725"],
  "i": "7549690542243462792",
  "c": "4428335639472086788"},
 "log":
 [{"message":
   ".> LEAN_PATH=Q:\\src\\ComputationalPaths\\paper\\anonymous-repo\\.lake\\build\\lib\\lean c:\\Users\\arfreita\\.elan\\toolchains\\leanprover--lean4---v4.24.0\\bin\\lean.exe Q:\\src\\ComputationalPaths\\paper\\anonymous-repo\\ComputationalPaths\\Path\\HIT\\KleinBottleSVK.lean -o Q:\\src\\ComputationalPaths\\paper\\anonymous-repo\\.lake\\build\\lib\\lean\\ComputationalPaths\\Path\\HIT\\KleinBottleSVK.olean -i Q:\\src\\ComputationalPaths\\paper\\anonymous-repo\\.lake\\build\\lib\\lean\\ComputationalPaths\\Path\\HIT\\KleinBottleSVK.ilean -c Q:\\src\\ComputationalPaths\\paper\\anonymous-repo\\.lake\\build\\ir\\ComputationalPaths\\Path\\HIT\\KleinBottleSVK.c --setup Q:\\src\\ComputationalPaths\\paper\\anonymous-repo\\.lake\\build\\ir\\ComputationalPaths\\Path\\HIT\\KleinBottleSVK.setup.json --json",
   "level": "trace"}],
 "inputs":
 [["ComputationalPaths.Path.HIT.KleinBottleSVK:deps",
   [["deps",
     [["computational_paths/ComputationalPaths:extraDep",
       [["@computational_paths:extraDep", "1723"]]],
      ["imports",
       [["ComputationalPaths.Path.HIT.Circle transitive imports (legacy)",
         "1182453586561162334"],
        ["ComputationalPaths.Path.HIT.Circle:importAllArts",
         "5948076271100287448"],
        ["ComputationalPaths.Path.HIT.FigureEight transitive imports (legacy)",
         "7730382909964734523"],
        ["ComputationalPaths.Path.HIT.FigureEight:importAllArts",
         "7355597667452248993"],
        ["ComputationalPaths.Path.HIT.Pushout transitive imports (legacy)",
         "1799495058327528207"],
        ["ComputationalPaths.Path.HIT.Pushout:importAllArts",
         "12179956838139942830"],
        ["ComputationalPaths.Path.HIT.PushoutPaths transitive imports (legacy)",
         "11688346068298890183"],
        ["ComputationalPaths.Path.HIT.PushoutPaths:importAllArts",
         "13344572497526872827"],
        ["ComputationalPaths.Path.HIT.KleinBottle transitive imports (legacy)",
         "11808658572548752050"],
        ["ComputationalPaths.Path.HIT.KleinBottle:importAllArts",
         "10070072143935765997"],
        ["ComputationalPaths.Path.Homotopy.Sets transitive imports (legacy)",
         "8943208586350545250"],
        ["ComputationalPaths.Path.Homotopy.Sets:importAllArts",
         "5260678724365589517"]]]]],
    ["libs",
     [["import dynlibs", "1723"],
      ["package external libraries", "1723"],
      ["module dynlibs", "1723"],
      ["module plugins", "1723"]]]]],
  ["Lean 4.24.0, commit 797c613eb9b6d4ec95db23e3e00af9ac6657f24b",
   "1165570713881806064"],
  ["Q:\\src\\ComputationalPaths\\paper\\anonymous-repo\\ComputationalPaths\\Path\\HIT\\KleinBottleSVK.lean",
   "4752665985734549395"],
  ["options", "1723"],
  ["Module.leanArgs: #[]", "1723"]],
 "depHash": "8510519764657109322"}