{"synthetic": false,
 "outputs":
 {"o": ["16763086847978317131"],
  "i": "15233680858332609351",
  "c": "6222047355673512584"},
 "log":
 [{"message":
   ".> LEAN_PATH=Q:\\src\\ComputationalPaths\\paper\\anonymous-repo\\.lake\\build\\lib\\lean c:\\Users\\arfreita\\.elan\\toolchains\\leanprover--lean4---v4.24.0\\bin\\lean.exe Q:\\src\\ComputationalPaths\\paper\\anonymous-repo\\ComputationalPaths\\Path\\HIT\\LensSpace.lean -o Q:\\src\\ComputationalPaths\\paper\\anonymous-repo\\.lake\\build\\lib\\lean\\ComputationalPaths\\Path\\HIT\\LensSpace.olean -i Q:\\src\\ComputationalPaths\\paper\\anonymous-repo\\.lake\\build\\lib\\lean\\ComputationalPaths\\Path\\HIT\\LensSpace.ilean -c Q:\\src\\ComputationalPaths\\paper\\anonymous-repo\\.lake\\build\\ir\\ComputationalPaths\\Path\\HIT\\LensSpace.c --setup Q:\\src\\ComputationalPaths\\paper\\anonymous-repo\\.lake\\build\\ir\\ComputationalPaths\\Path\\HIT\\LensSpace.setup.json --json",
   "level": "trace"}],
 "inputs":
 [["ComputationalPaths.Path.HIT.LensSpace:deps",
   [["deps",
     [["computational_paths/ComputationalPaths:extraDep",
       [["@computational_paths:extraDep", "1723"]]],
      ["imports",
       [["ComputationalPaths.Path.HIT.Circle transitive imports (legacy)",
         "1182453586561162334"],
        ["ComputationalPaths.Path.HIT.Circle:importAllArts",
         "5948076271100287448"],
        ["ComputationalPaths.Path.HIT.CircleStep transitive imports (legacy)",
         "11678686205064668250"],
        ["ComputationalPaths.Path.HIT.CircleStep:importAllArts",
         "630059727607174283"],
        ["ComputationalPaths.Path.HIT.Torus transitive imports (legacy)",
         "8804720490742004957"],
        ["ComputationalPaths.Path.HIT.Torus:importAllArts",
         "1532116777451132112"],
        ["ComputationalPaths.Path.HIT.TorusStep transitive imports (legacy)",
         "10948584477722561024"],
        ["ComputationalPaths.Path.HIT.TorusStep:importAllArts",
         "2069758943430200707"],
        ["ComputationalPaths.Path.HIT.Pushout transitive imports (legacy)",
         "1799495058327528207"],
        ["ComputationalPaths.Path.HIT.Pushout:importAllArts",
         "12179956838139942830"],
        ["ComputationalPaths.Path.HIT.PushoutPaths transitive imports (legacy)",
         "11688346068298890183"],
        ["ComputationalPaths.Path.HIT.PushoutPaths:importAllArts",
         "13344572497526872827"],
        ["ComputationalPaths.Path.Rewrite.SimpleEquiv transitive imports (legacy)",
         "12732349325376460138"],
        ["ComputationalPaths.Path.Rewrite.SimpleEquiv:importAllArts",
         "6976224576165444915"]]]]],
    ["libs",
     [["import dynlibs", "1723"],
      ["package external libraries", "1723"],
      ["module dynlibs", "1723"],
      ["module plugins", "1723"]]]]],
  ["Lean 4.24.0, commit 797c613eb9b6d4ec95db23e3e00af9ac6657f24b",
   "1165570713881806064"],
  ["Q:\\src\\ComputationalPaths\\paper\\anonymous-repo\\ComputationalPaths\\Path\\HIT\\LensSpace.lean",
   "11492676294473340515"],
  ["options", "1723"],
  ["Module.leanArgs: #[]", "1723"]],
 "depHash": "16955658804906998883"}