{"synthetic": false,
 "outputs":
 {"o": ["13644578087313774746"],
  "i": "16903361569948886186",
  "c": "13999774598095571311"},
 "log":
 [{"message":
   ".> LEAN_PATH=Q:\\src\\ComputationalPaths\\paper\\anonymous-repo\\.lake\\build\\lib\\lean c:\\Users\\arfreita\\.elan\\toolchains\\leanprover--lean4---v4.24.0\\bin\\lean.exe Q:\\src\\ComputationalPaths\\paper\\anonymous-repo\\ComputationalPaths\\Path\\HIT\\NonOrientableSurface.lean -o Q:\\src\\ComputationalPaths\\paper\\anonymous-repo\\.lake\\build\\lib\\lean\\ComputationalPaths\\Path\\HIT\\NonOrientableSurface.olean -i Q:\\src\\ComputationalPaths\\paper\\anonymous-repo\\.lake\\build\\lib\\lean\\ComputationalPaths\\Path\\HIT\\NonOrientableSurface.ilean -c Q:\\src\\ComputationalPaths\\paper\\anonymous-repo\\.lake\\build\\ir\\ComputationalPaths\\Path\\HIT\\NonOrientableSurface.c --setup Q:\\src\\ComputationalPaths\\paper\\anonymous-repo\\.lake\\build\\ir\\ComputationalPaths\\Path\\HIT\\NonOrientableSurface.setup.json --json",
   "level": "trace"}],
 "inputs":
 [["ComputationalPaths.Path.HIT.NonOrientableSurface:deps",
   [["deps",
     [["computational_paths/ComputationalPaths:extraDep",
       [["@computational_paths:extraDep", "1723"]]],
      ["imports",
       [["ComputationalPaths.Path.HIT.Circle transitive imports (legacy)",
         "1182453586561162334"],
        ["ComputationalPaths.Path.HIT.Circle:importAllArts",
         "5948076271100287448"],
        ["ComputationalPaths.Path.HIT.CircleStep transitive imports (legacy)",
         "11678686205064668250"],
        ["ComputationalPaths.Path.HIT.CircleStep:importAllArts",
         "630059727607174283"],
        ["ComputationalPaths.Path.HIT.Pushout transitive imports (legacy)",
         "1799495058327528207"],
        ["ComputationalPaths.Path.HIT.Pushout:importAllArts",
         "12179956838139942830"],
        ["ComputationalPaths.Path.HIT.PushoutPaths transitive imports (legacy)",
         "11688346068298890183"],
        ["ComputationalPaths.Path.HIT.PushoutPaths:importAllArts",
         "13344572497526872827"],
        ["ComputationalPaths.Path.HIT.ProjectivePlane transitive imports (legacy)",
         "11808658572548752050"],
        ["ComputationalPaths.Path.HIT.ProjectivePlane:importAllArts",
         "11242355307534526671"],
        ["ComputationalPaths.Path.HIT.KleinBottle transitive imports (legacy)",
         "11808658572548752050"],
        ["ComputationalPaths.Path.HIT.KleinBottle:importAllArts",
         "10070072143935765997"],
        ["ComputationalPaths.Path.HIT.OrientableSurface transitive imports (legacy)",
         "1731374790328094196"],
        ["ComputationalPaths.Path.HIT.OrientableSurface:importAllArts",
         "16856560260810801700"],
        ["ComputationalPaths.Path.Rewrite.PathTactic transitive imports (legacy)",
         "12594647605937203185"],
        ["ComputationalPaths.Path.Rewrite.PathTactic:importAllArts",
         "17704963780282964051"]]]]],
    ["libs",
     [["import dynlibs", "1723"],
      ["package external libraries", "1723"],
      ["module dynlibs", "1723"],
      ["module plugins", "1723"]]]]],
  ["Lean 4.24.0, commit 797c613eb9b6d4ec95db23e3e00af9ac6657f24b",
   "1165570713881806064"],
  ["Q:\\src\\ComputationalPaths\\paper\\anonymous-repo\\ComputationalPaths\\Path\\HIT\\NonOrientableSurface.lean",
   "5543328305897175572"],
  ["options", "1723"],
  ["Module.leanArgs: #[]", "1723"]],
 "depHash": "4838232883182915446"}