{"synthetic": false,
 "outputs":
 {"o": ["13353603780643841346"],
  "i": "11988901907896454362",
  "c": "2383510478512776793"},
 "log":
 [{"message":
   ".> LEAN_PATH=Q:\\src\\ComputationalPaths\\paper\\anonymous-repo\\.lake\\build\\lib\\lean c:\\Users\\arfreita\\.elan\\toolchains\\leanprover--lean4---v4.24.0\\bin\\lean.exe Q:\\src\\ComputationalPaths\\paper\\anonymous-repo\\ComputationalPaths\\Path\\HIT\\OctonionicHopf.lean -o Q:\\src\\ComputationalPaths\\paper\\anonymous-repo\\.lake\\build\\lib\\lean\\ComputationalPaths\\Path\\HIT\\OctonionicHopf.olean -i Q:\\src\\ComputationalPaths\\paper\\anonymous-repo\\.lake\\build\\lib\\lean\\ComputationalPaths\\Path\\HIT\\OctonionicHopf.ilean -c Q:\\src\\ComputationalPaths\\paper\\anonymous-repo\\.lake\\build\\ir\\ComputationalPaths\\Path\\HIT\\OctonionicHopf.c --setup Q:\\src\\ComputationalPaths\\paper\\anonymous-repo\\.lake\\build\\ir\\ComputationalPaths\\Path\\HIT\\OctonionicHopf.setup.json --json",
   "level": "trace"}],
 "inputs":
 [["ComputationalPaths.Path.HIT.OctonionicHopf:deps",
   [["deps",
     [["computational_paths/ComputationalPaths:extraDep",
       [["@computational_paths:extraDep", "1723"]]],
      ["imports",
       [["ComputationalPaths.Path.HIT.QuaternionicHopf transitive imports (legacy)",
         "6131429719694314896"],
        ["ComputationalPaths.Path.HIT.QuaternionicHopf:importAllArts",
         "9424268487398382298"],
        ["ComputationalPaths.Path.Homotopy.FreudenthalSuspension transitive imports (legacy)",
         "6570153304106455677"],
        ["ComputationalPaths.Path.Homotopy.FreudenthalSuspension:importAllArts",
         "6314059488275932759"],
        ["ComputationalPaths.Path.Homotopy.HigherInducedMaps transitive imports (legacy)",
         "3613986772921035938"],
        ["ComputationalPaths.Path.Homotopy.HigherInducedMaps:importAllArts",
         "6826898725878451952"]]]]],
    ["libs",
     [["import dynlibs", "1723"],
      ["package external libraries", "1723"],
      ["module dynlibs", "1723"],
      ["module plugins", "1723"]]]]],
  ["Lean 4.24.0, commit 797c613eb9b6d4ec95db23e3e00af9ac6657f24b",
   "1165570713881806064"],
  ["Q:\\src\\ComputationalPaths\\paper\\anonymous-repo\\ComputationalPaths\\Path\\HIT\\OctonionicHopf.lean",
   "1729747630882680435"],
  ["options", "1723"],
  ["Module.leanArgs: #[]", "1723"]],
 "depHash": "12712983757145565489"}