{"synthetic": false,
 "outputs":
 {"o": ["15642761897964713273"],
  "i": "11612444670490505740",
  "c": "7654907796838338290"},
 "log":
 [{"message":
   ".> LEAN_PATH=Q:\\src\\ComputationalPaths\\paper\\anonymous-repo\\.lake\\build\\lib\\lean c:\\Users\\arfreita\\.elan\\toolchains\\leanprover--lean4---v4.24.0\\bin\\lean.exe Q:\\src\\ComputationalPaths\\paper\\anonymous-repo\\ComputationalPaths\\Path\\HIT\\Pi4S3.lean -o Q:\\src\\ComputationalPaths\\paper\\anonymous-repo\\.lake\\build\\lib\\lean\\ComputationalPaths\\Path\\HIT\\Pi4S3.olean -i Q:\\src\\ComputationalPaths\\paper\\anonymous-repo\\.lake\\build\\lib\\lean\\ComputationalPaths\\Path\\HIT\\Pi4S3.ilean -c Q:\\src\\ComputationalPaths\\paper\\anonymous-repo\\.lake\\build\\ir\\ComputationalPaths\\Path\\HIT\\Pi4S3.c --setup Q:\\src\\ComputationalPaths\\paper\\anonymous-repo\\.lake\\build\\ir\\ComputationalPaths\\Path\\HIT\\Pi4S3.setup.json --json",
   "level": "trace"}],
 "inputs":
 [["ComputationalPaths.Path.HIT.Pi4S3:deps",
   [["deps",
     [["computational_paths/ComputationalPaths:extraDep",
       [["@computational_paths:extraDep", "1723"]]],
      ["imports",
       [["ComputationalPaths.Path.HIT.Pi3Sphere transitive imports (legacy)",
         "13834170545532729690"],
        ["ComputationalPaths.Path.HIT.Pi3Sphere:importAllArts",
         "7888894607647565638"],
        ["ComputationalPaths.Path.Homotopy.FreudenthalSuspension transitive imports (legacy)",
         "6570153304106455677"],
        ["ComputationalPaths.Path.Homotopy.FreudenthalSuspension:importAllArts",
         "6314059488275932759"]]]]],
    ["libs",
     [["import dynlibs", "1723"],
      ["package external libraries", "1723"],
      ["module dynlibs", "1723"],
      ["module plugins", "1723"]]]]],
  ["Lean 4.24.0, commit 797c613eb9b6d4ec95db23e3e00af9ac6657f24b",
   "1165570713881806064"],
  ["Q:\\src\\ComputationalPaths\\paper\\anonymous-repo\\ComputationalPaths\\Path\\HIT\\Pi4S3.lean",
   "11968403262615450624"],
  ["options", "1723"],
  ["Module.leanArgs: #[]", "1723"]],
 "depHash": "3277772275546854657"}