{"synthetic": false,
 "outputs":
 {"o": ["12149074513337648012"],
  "i": "9991480573056759722",
  "c": "13132966268824295076"},
 "log":
 [{"message":
   ".> LEAN_PATH=Q:\\src\\ComputationalPaths\\paper\\anonymous-repo\\.lake\\build\\lib\\lean c:\\Users\\arfreita\\.elan\\toolchains\\leanprover--lean4---v4.24.0\\bin\\lean.exe Q:\\src\\ComputationalPaths\\paper\\anonymous-repo\\ComputationalPaths\\Path\\HIT\\ProjectiveSpaces.lean -o Q:\\src\\ComputationalPaths\\paper\\anonymous-repo\\.lake\\build\\lib\\lean\\ComputationalPaths\\Path\\HIT\\ProjectiveSpaces.olean -i Q:\\src\\ComputationalPaths\\paper\\anonymous-repo\\.lake\\build\\lib\\lean\\ComputationalPaths\\Path\\HIT\\ProjectiveSpaces.ilean -c Q:\\src\\ComputationalPaths\\paper\\anonymous-repo\\.lake\\build\\ir\\ComputationalPaths\\Path\\HIT\\ProjectiveSpaces.c --setup Q:\\src\\ComputationalPaths\\paper\\anonymous-repo\\.lake\\build\\ir\\ComputationalPaths\\Path\\HIT\\ProjectiveSpaces.setup.json --json",
   "level": "trace"}],
 "inputs":
 [["ComputationalPaths.Path.HIT.ProjectiveSpaces:deps",
   [["deps",
     [["computational_paths/ComputationalPaths:extraDep",
       [["@computational_paths:extraDep", "1723"]]],
      ["imports",
       [["ComputationalPaths.Path.HIT.Circle transitive imports (legacy)",
         "1182453586561162334"],
        ["ComputationalPaths.Path.HIT.Circle:importAllArts",
         "5948076271100287448"],
        ["ComputationalPaths.Path.HIT.ProjectivePlane transitive imports (legacy)",
         "11808658572548752050"],
        ["ComputationalPaths.Path.HIT.ProjectivePlane:importAllArts",
         "11242355307534526671"],
        ["ComputationalPaths.Path.HIT.LensSpace transitive imports (legacy)",
         "2847315120421062563"],
        ["ComputationalPaths.Path.HIT.LensSpace:importAllArts",
         "7226590922113445849"],
        ["ComputationalPaths.Path.HIT.Sphere transitive imports (legacy)",
         "10083095261078759332"],
        ["ComputationalPaths.Path.HIT.Sphere:importAllArts",
         "17004516855263304845"],
        ["ComputationalPaths.Path.Rewrite.SimpleEquiv transitive imports (legacy)",
         "12732349325376460138"],
        ["ComputationalPaths.Path.Rewrite.SimpleEquiv:importAllArts",
         "6976224576165444915"]]]]],
    ["libs",
     [["import dynlibs", "1723"],
      ["package external libraries", "1723"],
      ["module dynlibs", "1723"],
      ["module plugins", "1723"]]]]],
  ["Lean 4.24.0, commit 797c613eb9b6d4ec95db23e3e00af9ac6657f24b",
   "1165570713881806064"],
  ["Q:\\src\\ComputationalPaths\\paper\\anonymous-repo\\ComputationalPaths\\Path\\HIT\\ProjectiveSpaces.lean",
   "5062521145432668889"],
  ["options", "1723"],
  ["Module.leanArgs: #[]", "1723"]],
 "depHash": "11326480953103423285"}