{"synthetic": false,
 "outputs":
 {"o": ["3471877811048362473"],
  "i": "8341015746592723736",
  "c": "7238598911920882625"},
 "log":
 [{"message":
   ".> LEAN_PATH=Q:\\src\\ComputationalPaths\\paper\\anonymous-repo\\.lake\\build\\lib\\lean c:\\Users\\arfreita\\.elan\\toolchains\\leanprover--lean4---v4.24.0\\bin\\lean.exe Q:\\src\\ComputationalPaths\\paper\\anonymous-repo\\ComputationalPaths\\Path\\HIT\\ProjectivePlanePi2.lean -o Q:\\src\\ComputationalPaths\\paper\\anonymous-repo\\.lake\\build\\lib\\lean\\ComputationalPaths\\Path\\HIT\\ProjectivePlanePi2.olean -i Q:\\src\\ComputationalPaths\\paper\\anonymous-repo\\.lake\\build\\lib\\lean\\ComputationalPaths\\Path\\HIT\\ProjectivePlanePi2.ilean -c Q:\\src\\ComputationalPaths\\paper\\anonymous-repo\\.lake\\build\\ir\\ComputationalPaths\\Path\\HIT\\ProjectivePlanePi2.c --setup Q:\\src\\ComputationalPaths\\paper\\anonymous-repo\\.lake\\build\\ir\\ComputationalPaths\\Path\\HIT\\ProjectivePlanePi2.setup.json --json",
   "level": "trace"}],
 "inputs":
 [["ComputationalPaths.Path.HIT.ProjectivePlanePi2:deps",
   [["deps",
     [["computational_paths/ComputationalPaths:extraDep",
       [["@computational_paths:extraDep", "1723"]]],
      ["imports",
       [["ComputationalPaths.Path.HIT.ProjectivePlane transitive imports (legacy)",
         "11808658572548752050"],
        ["ComputationalPaths.Path.HIT.ProjectivePlane:importAllArts",
         "11242355307534526671"],
        ["ComputationalPaths.Path.HIT.Pi2Sphere transitive imports (legacy)",
         "14437998980817293848"],
        ["ComputationalPaths.Path.HIT.Pi2Sphere:importAllArts",
         "9150814197641354777"],
        ["ComputationalPaths.Path.Homotopy.CoveringSpace transitive imports (legacy)",
         "7540903120480639547"],
        ["ComputationalPaths.Path.Homotopy.CoveringSpace:importAllArts",
         "17811564182417484620"]]]]],
    ["libs",
     [["import dynlibs", "1723"],
      ["package external libraries", "1723"],
      ["module dynlibs", "1723"],
      ["module plugins", "1723"]]]]],
  ["Lean 4.24.0, commit 797c613eb9b6d4ec95db23e3e00af9ac6657f24b",
   "1165570713881806064"],
  ["Q:\\src\\ComputationalPaths\\paper\\anonymous-repo\\ComputationalPaths\\Path\\HIT\\ProjectivePlanePi2.lean",
   "13098105853663560323"],
  ["options", "1723"],
  ["Module.leanArgs: #[]", "1723"]],
 "depHash": "9443353218365792691"}