{"synthetic": false,
 "outputs":
 {"o": ["3381745556452009635"],
  "i": "6782392966868246761",
  "c": "16098276464372363918"},
 "log":
 [{"message":
   ".> LEAN_PATH=Q:\\src\\ComputationalPaths\\paper\\anonymous-repo\\.lake\\build\\lib\\lean c:\\Users\\arfreita\\.elan\\toolchains\\leanprover--lean4---v4.24.0\\bin\\lean.exe Q:\\src\\ComputationalPaths\\paper\\anonymous-repo\\ComputationalPaths\\Path\\HIT\\PushoutPaths.lean -o Q:\\src\\ComputationalPaths\\paper\\anonymous-repo\\.lake\\build\\lib\\lean\\ComputationalPaths\\Path\\HIT\\PushoutPaths.olean -i Q:\\src\\ComputationalPaths\\paper\\anonymous-repo\\.lake\\build\\lib\\lean\\ComputationalPaths\\Path\\HIT\\PushoutPaths.ilean -c Q:\\src\\ComputationalPaths\\paper\\anonymous-repo\\.lake\\build\\ir\\ComputationalPaths\\Path\\HIT\\PushoutPaths.c --setup Q:\\src\\ComputationalPaths\\paper\\anonymous-repo\\.lake\\build\\ir\\ComputationalPaths\\Path\\HIT\\PushoutPaths.setup.json --json",
   "level": "trace"}],
 "inputs":
 [["ComputationalPaths.Path.HIT.PushoutPaths:deps",
   [["deps",
     [["computational_paths/ComputationalPaths:extraDep",
       [["@computational_paths:extraDep", "1723"]]],
      ["imports",
       [["ComputationalPaths.Path.HIT.Pushout transitive imports (legacy)",
         "1799495058327528207"],
        ["ComputationalPaths.Path.HIT.Pushout:importAllArts",
         "12179956838139942830"],
        ["ComputationalPaths.Path.Homotopy.FundamentalGroup transitive imports (legacy)",
         "15828169745815090588"],
        ["ComputationalPaths.Path.Homotopy.FundamentalGroup:importAllArts",
         "15365719571878537335"],
        ["ComputationalPaths.Path.Rewrite.Quot transitive imports (legacy)",
         "18072153935592867911"],
        ["ComputationalPaths.Path.Rewrite.Quot:importAllArts",
         "17267245682977618671"],
        ["ComputationalPaths.Path.Rewrite.SimpleEquiv transitive imports (legacy)",
         "12732349325376460138"],
        ["ComputationalPaths.Path.Rewrite.SimpleEquiv:importAllArts",
         "6976224576165444915"]]]]],
    ["libs",
     [["import dynlibs", "1723"],
      ["package external libraries", "1723"],
      ["module dynlibs", "1723"],
      ["module plugins", "1723"]]]]],
  ["Lean 4.24.0, commit 797c613eb9b6d4ec95db23e3e00af9ac6657f24b",
   "1165570713881806064"],
  ["Q:\\src\\ComputationalPaths\\paper\\anonymous-repo\\ComputationalPaths\\Path\\HIT\\PushoutPaths.lean",
   "2683449036231554158"],
  ["options", "1723"],
  ["Module.leanArgs: #[]", "1723"]],
 "depHash": "12582887953560672762"}