{"synthetic": false,
 "outputs":
 {"o": ["1899285444116064790"],
  "i": "4361783088317252657",
  "c": "3886619610287770152"},
 "log":
 [{"message":
   ".> LEAN_PATH=Q:\\src\\ComputationalPaths\\paper\\anonymous-repo\\.lake\\build\\lib\\lean c:\\Users\\arfreita\\.elan\\toolchains\\leanprover--lean4---v4.24.0\\bin\\lean.exe Q:\\src\\ComputationalPaths\\paper\\anonymous-repo\\ComputationalPaths\\Path\\HIT\\QuaternionicProjectiveSpaces.lean -o Q:\\src\\ComputationalPaths\\paper\\anonymous-repo\\.lake\\build\\lib\\lean\\ComputationalPaths\\Path\\HIT\\QuaternionicProjectiveSpaces.olean -i Q:\\src\\ComputationalPaths\\paper\\anonymous-repo\\.lake\\build\\lib\\lean\\ComputationalPaths\\Path\\HIT\\QuaternionicProjectiveSpaces.ilean -c Q:\\src\\ComputationalPaths\\paper\\anonymous-repo\\.lake\\build\\ir\\ComputationalPaths\\Path\\HIT\\QuaternionicProjectiveSpaces.c --setup Q:\\src\\ComputationalPaths\\paper\\anonymous-repo\\.lake\\build\\ir\\ComputationalPaths\\Path\\HIT\\QuaternionicProjectiveSpaces.setup.json --json",
   "level": "trace"}],
 "inputs":
 [["ComputationalPaths.Path.HIT.QuaternionicProjectiveSpaces:deps",
   [["deps",
     [["computational_paths/ComputationalPaths:extraDep",
       [["@computational_paths:extraDep", "1723"]]],
      ["imports",
       [["ComputationalPaths.Path.HIT.QuaternionicHopf transitive imports (legacy)",
         "6131429719694314896"],
        ["ComputationalPaths.Path.HIT.QuaternionicHopf:importAllArts",
         "9424268487398382298"],
        ["ComputationalPaths.Path.HIT.Sphere transitive imports (legacy)",
         "10083095261078759332"],
        ["ComputationalPaths.Path.HIT.Sphere:importAllArts",
         "17004516855263304845"],
        ["ComputationalPaths.Path.HIT.HopfFibration transitive imports (legacy)",
         "8202582480115749960"],
        ["ComputationalPaths.Path.HIT.HopfFibration:importAllArts",
         "10296258675698884771"],
        ["ComputationalPaths.Path.HIT.ComplexProjectiveSpaces transitive imports (legacy)",
         "18109533378436884276"],
        ["ComputationalPaths.Path.HIT.ComplexProjectiveSpaces:importAllArts",
         "14982718727400140891"],
        ["ComputationalPaths.Path.Rewrite.SimpleEquiv transitive imports (legacy)",
         "12732349325376460138"],
        ["ComputationalPaths.Path.Rewrite.SimpleEquiv:importAllArts",
         "6976224576165444915"]]]]],
    ["libs",
     [["import dynlibs", "1723"],
      ["package external libraries", "1723"],
      ["module dynlibs", "1723"],
      ["module plugins", "1723"]]]]],
  ["Lean 4.24.0, commit 797c613eb9b6d4ec95db23e3e00af9ac6657f24b",
   "1165570713881806064"],
  ["Q:\\src\\ComputationalPaths\\paper\\anonymous-repo\\ComputationalPaths\\Path\\HIT\\QuaternionicProjectiveSpaces.lean",
   "7446724973494573826"],
  ["options", "1723"],
  ["Module.leanArgs: #[]", "1723"]],
 "depHash": "1870578208517615311"}