{"synthetic": false,
 "outputs":
 {"o": ["15623604227008510789"],
  "i": "6023963486147136878",
  "c": "16196388537074973617"},
 "log":
 [{"message":
   ".> LEAN_PATH=Q:\\src\\ComputationalPaths\\paper\\anonymous-repo\\.lake\\build\\lib\\lean c:\\Users\\arfreita\\.elan\\toolchains\\leanprover--lean4---v4.24.0\\bin\\lean.exe Q:\\src\\ComputationalPaths\\paper\\anonymous-repo\\ComputationalPaths\\Path\\HIT\\QuaternionicHopf.lean -o Q:\\src\\ComputationalPaths\\paper\\anonymous-repo\\.lake\\build\\lib\\lean\\ComputationalPaths\\Path\\HIT\\QuaternionicHopf.olean -i Q:\\src\\ComputationalPaths\\paper\\anonymous-repo\\.lake\\build\\lib\\lean\\ComputationalPaths\\Path\\HIT\\QuaternionicHopf.ilean -c Q:\\src\\ComputationalPaths\\paper\\anonymous-repo\\.lake\\build\\ir\\ComputationalPaths\\Path\\HIT\\QuaternionicHopf.c --setup Q:\\src\\ComputationalPaths\\paper\\anonymous-repo\\.lake\\build\\ir\\ComputationalPaths\\Path\\HIT\\QuaternionicHopf.setup.json --json",
   "level": "trace"}],
 "inputs":
 [["ComputationalPaths.Path.HIT.QuaternionicHopf:deps",
   [["deps",
     [["computational_paths/ComputationalPaths:extraDep",
       [["@computational_paths:extraDep", "1723"]]],
      ["imports",
       [["ComputationalPaths.Path.HIT.Pi4S3 transitive imports (legacy)",
         "14529646776495871451"],
        ["ComputationalPaths.Path.HIT.Pi4S3:importAllArts",
         "15381234827327783406"],
        ["ComputationalPaths.Path.HIT.HopfFibration transitive imports (legacy)",
         "8202582480115749960"],
        ["ComputationalPaths.Path.HIT.HopfFibration:importAllArts",
         "10296258675698884771"],
        ["ComputationalPaths.Path.Homotopy.FreudenthalSuspension transitive imports (legacy)",
         "6570153304106455677"],
        ["ComputationalPaths.Path.Homotopy.FreudenthalSuspension:importAllArts",
         "6314059488275932759"]]]]],
    ["libs",
     [["import dynlibs", "1723"],
      ["package external libraries", "1723"],
      ["module dynlibs", "1723"],
      ["module plugins", "1723"]]]]],
  ["Lean 4.24.0, commit 797c613eb9b6d4ec95db23e3e00af9ac6657f24b",
   "1165570713881806064"],
  ["Q:\\src\\ComputationalPaths\\paper\\anonymous-repo\\ComputationalPaths\\Path\\HIT\\QuaternionicHopf.lean",
   "12889162076124065313"],
  ["options", "1723"],
  ["Module.leanArgs: #[]", "1723"]],
 "depHash": "13568767656441940076"}