{"synthetic": false,
 "outputs":
 {"o": ["18007171131270200539"],
  "i": "13348967640074303945",
  "c": "13591368361705953751"},
 "log":
 [{"message":
   ".> LEAN_PATH=Q:\\src\\ComputationalPaths\\paper\\anonymous-repo\\.lake\\build\\lib\\lean c:\\Users\\arfreita\\.elan\\toolchains\\leanprover--lean4---v4.24.0\\bin\\lean.exe Q:\\src\\ComputationalPaths\\paper\\anonymous-repo\\ComputationalPaths\\Path\\HIT\\SVKApplications.lean -o Q:\\src\\ComputationalPaths\\paper\\anonymous-repo\\.lake\\build\\lib\\lean\\ComputationalPaths\\Path\\HIT\\SVKApplications.olean -i Q:\\src\\ComputationalPaths\\paper\\anonymous-repo\\.lake\\build\\lib\\lean\\ComputationalPaths\\Path\\HIT\\SVKApplications.ilean -c Q:\\src\\ComputationalPaths\\paper\\anonymous-repo\\.lake\\build\\ir\\ComputationalPaths\\Path\\HIT\\SVKApplications.c --setup Q:\\src\\ComputationalPaths\\paper\\anonymous-repo\\.lake\\build\\ir\\ComputationalPaths\\Path\\HIT\\SVKApplications.setup.json --json",
   "level": "trace"}],
 "inputs":
 [["ComputationalPaths.Path.HIT.SVKApplications:deps",
   [["deps",
     [["computational_paths/ComputationalPaths:extraDep",
       [["@computational_paths:extraDep", "1723"]]],
      ["imports",
       [["ComputationalPaths.Path.HIT.Circle transitive imports (legacy)",
         "1182453586561162334"],
        ["ComputationalPaths.Path.HIT.Circle:importAllArts",
         "5948076271100287448"],
        ["ComputationalPaths.Path.HIT.FigureEight transitive imports (legacy)",
         "7730382909964734523"],
        ["ComputationalPaths.Path.HIT.FigureEight:importAllArts",
         "7355597667452248993"],
        ["ComputationalPaths.Path.HIT.BouquetN transitive imports (legacy)",
         "11665302626905365708"],
        ["ComputationalPaths.Path.HIT.BouquetN:importAllArts",
         "6684918996279600208"],
        ["ComputationalPaths.Path.HIT.PushoutPaths transitive imports (legacy)",
         "11688346068298890183"],
        ["ComputationalPaths.Path.HIT.PushoutPaths:importAllArts",
         "13344572497526872827"],
        ["ComputationalPaths.Path.HIT.Sphere transitive imports (legacy)",
         "10083095261078759332"],
        ["ComputationalPaths.Path.HIT.Sphere:importAllArts",
         "17004516855263304845"],
        ["ComputationalPaths.Path.Rewrite.SimpleEquiv transitive imports (legacy)",
         "12732349325376460138"],
        ["ComputationalPaths.Path.Rewrite.SimpleEquiv:importAllArts",
         "6976224576165444915"]]]]],
    ["libs",
     [["import dynlibs", "1723"],
      ["package external libraries", "1723"],
      ["module dynlibs", "1723"],
      ["module plugins", "1723"]]]]],
  ["Lean 4.24.0, commit 797c613eb9b6d4ec95db23e3e00af9ac6657f24b",
   "1165570713881806064"],
  ["Q:\\src\\ComputationalPaths\\paper\\anonymous-repo\\ComputationalPaths\\Path\\HIT\\SVKApplications.lean",
   "10064063307558644754"],
  ["options", "1723"],
  ["Module.leanArgs: #[]", "1723"]],
 "depHash": "17183441322220336092"}