{"synthetic": false,
 "outputs":
 {"o": ["3545534115800338642"],
  "i": "8376402671581273053",
  "c": "8328688216881903609"},
 "log":
 [{"message":
   ".> LEAN_PATH=Q:\\src\\ComputationalPaths\\paper\\anonymous-repo\\.lake\\build\\lib\\lean c:\\Users\\arfreita\\.elan\\toolchains\\leanprover--lean4---v4.24.0\\bin\\lean.exe Q:\\src\\ComputationalPaths\\paper\\anonymous-repo\\Main.lean -o Q:\\src\\ComputationalPaths\\paper\\anonymous-repo\\.lake\\build\\lib\\lean\\Main.olean -i Q:\\src\\ComputationalPaths\\paper\\anonymous-repo\\.lake\\build\\lib\\lean\\Main.ilean -c Q:\\src\\ComputationalPaths\\paper\\anonymous-repo\\.lake\\build\\ir\\Main.c --setup Q:\\src\\ComputationalPaths\\paper\\anonymous-repo\\.lake\\build\\ir\\Main.setup.json --json",
   "level": "trace"}],
 "inputs":
 [["Main:deps",
   [["deps",
     [["computational_paths/computational_paths:extraDep",
       [["@computational_paths:extraDep", "1723"]]],
      ["imports",
       [["ComputationalPaths transitive imports (legacy)",
         "7527400887738332407"],
        ["ComputationalPaths:importAllArts", "2333349794448444056"]]]]],
    ["libs",
     [["import dynlibs", "1723"],
      ["package external libraries", "1723"],
      ["module dynlibs", "1723"],
      ["module plugins", "1723"]]]]],
  ["Lean 4.24.0, commit 797c613eb9b6d4ec95db23e3e00af9ac6657f24b",
   "1165570713881806064"],
  ["Q:\\src\\ComputationalPaths\\paper\\anonymous-repo\\Main.lean",
   "15509696081605188043"],
  ["options", "1723"],
  ["Module.leanArgs: #[]", "1723"]],
 "depHash": "10610294266152985988"}