{"synthetic": false,
 "outputs":
 {"o": ["2918350279629020517"],
  "i": "2027280048871323507",
  "c": "17845036624081757746"},
 "log":
 [{"message":
   ".> LEAN_PATH=Q:\\src\\ComputationalPaths\\paper\\anonymous-repo\\.lake\\build\\lib\\lean c:\\Users\\arfreita\\.elan\\toolchains\\leanprover--lean4---v4.24.0\\bin\\lean.exe Q:\\src\\ComputationalPaths\\paper\\anonymous-repo\\ComputationalPaths\\Path\\Basic.lean -o Q:\\src\\ComputationalPaths\\paper\\anonymous-repo\\.lake\\build\\lib\\lean\\ComputationalPaths\\Path\\Basic.olean -i Q:\\src\\ComputationalPaths\\paper\\anonymous-repo\\.lake\\build\\lib\\lean\\ComputationalPaths\\Path\\Basic.ilean -c Q:\\src\\ComputationalPaths\\paper\\anonymous-repo\\.lake\\build\\ir\\ComputationalPaths\\Path\\Basic.c --setup Q:\\src\\ComputationalPaths\\paper\\anonymous-repo\\.lake\\build\\ir\\ComputationalPaths\\Path\\Basic.setup.json --json",
   "level": "trace"}],
 "inputs":
 [["ComputationalPaths.Path.Basic:deps",
   [["deps",
     [["computational_paths/ComputationalPaths:extraDep",
       [["@computational_paths:extraDep", "1723"]]],
      ["imports",
       [["ComputationalPaths.Path.Basic.Core transitive imports (legacy)",
         "1723"],
        ["ComputationalPaths.Path.Basic.Core:importAllArts",
         "17336185419501778394"],
        ["ComputationalPaths.Path.Basic.Context transitive imports (legacy)",
         "8841868104182599774"],
        ["ComputationalPaths.Path.Basic.Context:importAllArts",
         "15415197055112473029"],
        ["ComputationalPaths.Path.Basic.Congruence transitive imports (legacy)",
         "7864546104570739239"],
        ["ComputationalPaths.Path.Basic.Congruence:importAllArts",
         "463203043168231550"],
        ["ComputationalPaths.Path.Basic.Globular transitive imports (legacy)",
         "7864546104570739239"],
        ["ComputationalPaths.Path.Basic.Globular:importAllArts",
         "6653564239139718374"],
        ["ComputationalPaths.Path.Basic.UIP transitive imports (legacy)",
         "18261304152379764154"],
        ["ComputationalPaths.Path.Basic.UIP:importAllArts",
         "12038850142542990328"]]]]],
    ["libs",
     [["import dynlibs", "1723"],
      ["package external libraries", "1723"],
      ["module dynlibs", "1723"],
      ["module plugins", "1723"]]]]],
  ["Lean 4.24.0, commit 797c613eb9b6d4ec95db23e3e00af9ac6657f24b",
   "1165570713881806064"],
  ["Q:\\src\\ComputationalPaths\\paper\\anonymous-repo\\ComputationalPaths\\Path\\Basic.lean",
   "13137832378255177637"],
  ["options", "1723"],
  ["Module.leanArgs: #[]", "1723"]],
 "depHash": "5220092323921387901"}