{"synthetic": false,
 "outputs":
 {"o": ["8091702560873043734"],
  "i": "3333917773487875019",
  "c": "17144866537411664217"},
 "log":
 [{"message":
   ".> LEAN_PATH=Q:\\src\\ComputationalPaths\\paper\\anonymous-repo\\.lake\\build\\lib\\lean c:\\Users\\arfreita\\.elan\\toolchains\\leanprover--lean4---v4.24.0\\bin\\lean.exe Q:\\src\\ComputationalPaths\\paper\\anonymous-repo\\ComputationalPaths\\Path\\Rewrite\\ConfluenceConstructive.lean -o Q:\\src\\ComputationalPaths\\paper\\anonymous-repo\\.lake\\build\\lib\\lean\\ComputationalPaths\\Path\\Rewrite\\ConfluenceConstructive.olean -i Q:\\src\\ComputationalPaths\\paper\\anonymous-repo\\.lake\\build\\lib\\lean\\ComputationalPaths\\Path\\Rewrite\\ConfluenceConstructive.ilean -c Q:\\src\\ComputationalPaths\\paper\\anonymous-repo\\.lake\\build\\ir\\ComputationalPaths\\Path\\Rewrite\\ConfluenceConstructive.c --setup Q:\\src\\ComputationalPaths\\paper\\anonymous-repo\\.lake\\build\\ir\\ComputationalPaths\\Path\\Rewrite\\ConfluenceConstructive.setup.json --json",
   "level": "trace"}],
 "inputs":
 [["ComputationalPaths.Path.Rewrite.ConfluenceConstructive:deps",
   [["deps",
     [["computational_paths/ComputationalPaths:extraDep",
       [["@computational_paths:extraDep", "1723"]]],
      ["imports",
       [["ComputationalPaths.Path.Rewrite.ConfluenceProof transitive imports (legacy)",
         "7516157407445745049"],
        ["ComputationalPaths.Path.Rewrite.ConfluenceProof:importAllArts",
         "10800676315493700956"],
        ["ComputationalPaths.Path.Rewrite.ConfluenceFull transitive imports (legacy)",
         "10068584783184011746"],
        ["ComputationalPaths.Path.Rewrite.ConfluenceFull:importAllArts",
         "6372219880450102396"],
        ["ComputationalPaths.Path.Rewrite.StripLemma transitive imports (legacy)",
         "5913968798513074725"],
        ["ComputationalPaths.Path.Rewrite.StripLemma:importAllArts",
         "2316280315128915425"]]]]],
    ["libs",
     [["import dynlibs", "1723"],
      ["package external libraries", "1723"],
      ["module dynlibs", "1723"],
      ["module plugins", "1723"]]]]],
  ["Lean 4.24.0, commit 797c613eb9b6d4ec95db23e3e00af9ac6657f24b",
   "1165570713881806064"],
  ["Q:\\src\\ComputationalPaths\\paper\\anonymous-repo\\ComputationalPaths\\Path\\Rewrite\\ConfluenceConstructive.lean",
   "7926789601328921397"],
  ["options", "1723"],
  ["Module.leanArgs: #[]", "1723"]],
 "depHash": "15993452291383600824"}