{"synthetic": false,
 "outputs":
 {"o": ["9294873016294996406"],
  "i": "7224408525948363912",
  "c": "9581637767785044619"},
 "log":
 [{"message":
   ".> LEAN_PATH=Q:\\src\\ComputationalPaths\\paper\\anonymous-repo\\.lake\\build\\lib\\lean c:\\Users\\arfreita\\.elan\\toolchains\\leanprover--lean4---v4.24.0\\bin\\lean.exe Q:\\src\\ComputationalPaths\\paper\\anonymous-repo\\ComputationalPaths\\Path\\Rewrite\\RwEq.lean -o Q:\\src\\ComputationalPaths\\paper\\anonymous-repo\\.lake\\build\\lib\\lean\\ComputationalPaths\\Path\\Rewrite\\RwEq.olean -i Q:\\src\\ComputationalPaths\\paper\\anonymous-repo\\.lake\\build\\lib\\lean\\ComputationalPaths\\Path\\Rewrite\\RwEq.ilean -c Q:\\src\\ComputationalPaths\\paper\\anonymous-repo\\.lake\\build\\ir\\ComputationalPaths\\Path\\Rewrite\\RwEq.c --setup Q:\\src\\ComputationalPaths\\paper\\anonymous-repo\\.lake\\build\\ir\\ComputationalPaths\\Path\\Rewrite\\RwEq.setup.json --json",
   "level": "trace"}],
 "inputs":
 [["ComputationalPaths.Path.Rewrite.RwEq:deps",
   [["deps",
     [["computational_paths/ComputationalPaths:extraDep",
       [["@computational_paths:extraDep", "1723"]]],
      ["imports",
       [["ComputationalPaths.Path.Basic transitive imports (legacy)",
         "13166546554290561652"],
        ["ComputationalPaths.Path.Basic:importAllArts", "14295185162380247727"],
        ["ComputationalPaths.Path.Rewrite.Step transitive imports (legacy)",
         "13264668378266923917"],
        ["ComputationalPaths.Path.Rewrite.Step:importAllArts",
         "17486368645414971470"],
        ["ComputationalPaths.Path.Rewrite.Rw transitive imports (legacy)",
         "4342033857644187428"],
        ["ComputationalPaths.Path.Rewrite.Rw:importAllArts",
         "4398956331511067199"]]]]],
    ["libs",
     [["import dynlibs", "1723"],
      ["package external libraries", "1723"],
      ["module dynlibs", "1723"],
      ["module plugins", "1723"]]]]],
  ["Lean 4.24.0, commit 797c613eb9b6d4ec95db23e3e00af9ac6657f24b",
   "1165570713881806064"],
  ["Q:\\src\\ComputationalPaths\\paper\\anonymous-repo\\ComputationalPaths\\Path\\Rewrite\\RwEq.lean",
   "5341009765301913390"],
  ["options", "1723"],
  ["Module.leanArgs: #[]", "1723"]],
 "depHash": "10235702559623538997"}