{"synthetic": false,
 "outputs":
 {"o": ["8590389200343446200"],
  "i": "4588210446379617479",
  "c": "12554117047314277588"},
 "log":
 [{"message":
   ".> LEAN_PATH=Q:\\src\\ComputationalPaths\\paper\\anonymous-repo\\.lake\\build\\lib\\lean c:\\Users\\arfreita\\.elan\\toolchains\\leanprover--lean4---v4.24.0\\bin\\lean.exe Q:\\src\\ComputationalPaths\\paper\\anonymous-repo\\ComputationalPaths\\Path\\Rewrite\\StripLemma.lean -o Q:\\src\\ComputationalPaths\\paper\\anonymous-repo\\.lake\\build\\lib\\lean\\ComputationalPaths\\Path\\Rewrite\\StripLemma.olean -i Q:\\src\\ComputationalPaths\\paper\\anonymous-repo\\.lake\\build\\lib\\lean\\ComputationalPaths\\Path\\Rewrite\\StripLemma.ilean -c Q:\\src\\ComputationalPaths\\paper\\anonymous-repo\\.lake\\build\\ir\\ComputationalPaths\\Path\\Rewrite\\StripLemma.c --setup Q:\\src\\ComputationalPaths\\paper\\anonymous-repo\\.lake\\build\\ir\\ComputationalPaths\\Path\\Rewrite\\StripLemma.setup.json --json",
   "level": "trace"}],
 "inputs":
 [["ComputationalPaths.Path.Rewrite.StripLemma:deps",
   [["deps",
     [["computational_paths/ComputationalPaths:extraDep",
       [["@computational_paths:extraDep", "1723"]]],
      ["imports",
       [["ComputationalPaths.Path.Rewrite.ConfluenceProof transitive imports (legacy)",
         "7516157407445745049"],
        ["ComputationalPaths.Path.Rewrite.ConfluenceProof:importAllArts",
         "10800676315493700956"]]]]],
    ["libs",
     [["import dynlibs", "1723"],
      ["package external libraries", "1723"],
      ["module dynlibs", "1723"],
      ["module plugins", "1723"]]]]],
  ["Lean 4.24.0, commit 797c613eb9b6d4ec95db23e3e00af9ac6657f24b",
   "1165570713881806064"],
  ["Q:\\src\\ComputationalPaths\\paper\\anonymous-repo\\ComputationalPaths\\Path\\Rewrite\\StripLemma.lean",
   "11726567872940848719"],
  ["options", "1723"],
  ["Module.leanArgs: #[]", "1723"]],
 "depHash": "12543347349334814738"}