{"synthetic": false,
 "outputs":
 {"o": ["9900043524880784837"],
  "i": "17395961164847657092",
  "c": "12840958962429959961"},
 "log":
 [{"message":
   ".> LEAN_PATH=Q:\\src\\ComputationalPaths\\paper\\anonymous-repo\\.lake\\build\\lib\\lean c:\\Users\\arfreita\\.elan\\toolchains\\leanprover--lean4---v4.24.0\\bin\\lean.exe Q:\\src\\ComputationalPaths\\paper\\anonymous-repo\\ComputationalPaths\\Path\\Rewrite\\Termination.lean -o Q:\\src\\ComputationalPaths\\paper\\anonymous-repo\\.lake\\build\\lib\\lean\\ComputationalPaths\\Path\\Rewrite\\Termination.olean -i Q:\\src\\ComputationalPaths\\paper\\anonymous-repo\\.lake\\build\\lib\\lean\\ComputationalPaths\\Path\\Rewrite\\Termination.ilean -c Q:\\src\\ComputationalPaths\\paper\\anonymous-repo\\.lake\\build\\ir\\ComputationalPaths\\Path\\Rewrite\\Termination.c --setup Q:\\src\\ComputationalPaths\\paper\\anonymous-repo\\.lake\\build\\ir\\ComputationalPaths\\Path\\Rewrite\\Termination.setup.json --json",
   "level": "trace"}],
 "inputs":
 [["ComputationalPaths.Path.Rewrite.Termination:deps",
   [["deps",
     [["computational_paths/ComputationalPaths:extraDep",
       [["@computational_paths:extraDep", "1723"]]],
      ["imports",
       [["ComputationalPaths.Path.Rewrite.Rw transitive imports (legacy)",
         "4342033857644187428"],
        ["ComputationalPaths.Path.Rewrite.Rw:importAllArts",
         "4398956331511067199"],
        ["ComputationalPaths.Path.Rewrite.RwEq transitive imports (legacy)",
         "1820527174155481447"],
        ["ComputationalPaths.Path.Rewrite.RwEq:importAllArts",
         "10247114989337850578"],
        ["ComputationalPaths.Path.Rewrite.Quot transitive imports (legacy)",
         "18072153935592867911"],
        ["ComputationalPaths.Path.Rewrite.Quot:importAllArts",
         "17267245682977618671"],
        ["ComputationalPaths.Path.Rewrite.LNDEQ transitive imports (legacy)",
         "4133126724665948908"],
        ["ComputationalPaths.Path.Rewrite.LNDEQ:importAllArts",
         "18282019211639504618"]]]]],
    ["libs",
     [["import dynlibs", "1723"],
      ["package external libraries", "1723"],
      ["module dynlibs", "1723"],
      ["module plugins", "1723"]]]]],
  ["Lean 4.24.0, commit 797c613eb9b6d4ec95db23e3e00af9ac6657f24b",
   "1165570713881806064"],
  ["Q:\\src\\ComputationalPaths\\paper\\anonymous-repo\\ComputationalPaths\\Path\\Rewrite\\Termination.lean",
   "1242788906354188699"],
  ["options", "1723"],
  ["Module.leanArgs: #[]", "1723"]],
 "depHash": "8072859331688403812"}