{"synthetic": false,
 "outputs": "15519156258779159640",
 "log":
 [{"message":
   ".> c:\\Users\\arfreita\\.elan\\toolchains\\leanprover--lean4---v4.24.0\\bin\\clang.exe -o Q:\\src\\ComputationalPaths\\paper\\anonymous-repo\\.lake\\build\\bin\\computational_paths.exe @Q:\\src\\ComputationalPaths\\paper\\anonymous-repo\\.lake\\build\\bin\\computational_paths.exe.rsp",
   "level": "trace"}],
 "inputs":
 [["linkObjs",
   [["Q:\\src\\ComputationalPaths\\paper\\anonymous-repo\\.lake\\build\\ir\\Main.c.o.noexport",
     "13292830694872269572"],
    ["Q:\\src\\ComputationalPaths\\paper\\anonymous-repo\\.lake\\build\\ir\\ComputationalPaths\\Path\\Basic\\Core.c.o.noexport",
     "15592930696826801566"],
    ["Q:\\src\\ComputationalPaths\\paper\\anonymous-repo\\.lake\\build\\ir\\ComputationalPaths\\Path\\Basic\\Congruence.c.o.noexport",
     "7748380099503805727"],
    ["Q:\\src\\ComputationalPaths\\paper\\anonymous-repo\\.lake\\build\\ir\\ComputationalPaths\\Path\\Basic\\Context.c.o.noexport",
     "7304472113088617638"],
    ["Q:\\src\\ComputationalPaths\\paper\\anonymous-repo\\.lake\\build\\ir\\ComputationalPaths\\Path\\Basic\\Globular.c.o.noexport",
     "16755380885661616064"],
    ["Q:\\src\\ComputationalPaths\\paper\\anonymous-repo\\.lake\\build\\ir\\ComputationalPaths\\Path\\Basic\\UIP.c.o.noexport",
     "1471427049468016328"],
    ["Q:\\src\\ComputationalPaths\\paper\\anonymous-repo\\.lake\\build\\ir\\ComputationalPaths\\Path\\Basic.c.o.noexport",
     "13671530276167847494"],
    ["Q:\\src\\ComputationalPaths\\paper\\anonymous-repo\\.lake\\build\\ir\\ComputationalPaths\\Path\\Rewrite\\SimpleEquiv.c.o.noexport",
     "11499520956010256126"],
    ["Q:\\src\\ComputationalPaths\\paper\\anonymous-repo\\.lake\\build\\ir\\ComputationalPaths\\Path\\Rewrite\\Step.c.o.noexport",
     "4571096253585223012"],
    ["Q:\\src\\ComputationalPaths\\paper\\anonymous-repo\\.lake\\build\\ir\\ComputationalPaths\\Path\\Rewrite\\Rw.c.o.noexport",
     "5173689789311131580"],
    ["Q:\\src\\ComputationalPaths\\paper\\anonymous-repo\\.lake\\build\\ir\\ComputationalPaths\\Path\\Rewrite\\RwEq.c.o.noexport",
     "17220737019129418262"],
    ["Q:\\src\\ComputationalPaths\\paper\\anonymous-repo\\.lake\\build\\ir\\ComputationalPaths\\Path\\Rewrite\\Quot.c.o.noexport",
     "14158034537796947392"],
    ["Q:\\src\\ComputationalPaths\\paper\\anonymous-repo\\.lake\\build\\ir\\ComputationalPaths\\Path\\Groupoid.c.o.noexport",
     "12338298694636605059"],
    ["Q:\\src\\ComputationalPaths\\paper\\anonymous-repo\\.lake\\build\\ir\\ComputationalPaths\\Basic.c.o.noexport",
     "15401713304260381512"],
    ["Q:\\src\\ComputationalPaths\\paper\\anonymous-repo\\.lake\\build\\ir\\ComputationalPaths\\Path\\Basic\\Univalence.c.o.noexport",
     "6911143744369848089"],
    ["Q:\\src\\ComputationalPaths\\paper\\anonymous-repo\\.lake\\build\\ir\\ComputationalPaths\\Path\\Rewrite\\LNDEQ.c.o.noexport",
     "1957692677777516565"],
    ["Q:\\src\\ComputationalPaths\\paper\\anonymous-repo\\.lake\\build\\ir\\ComputationalPaths\\Path\\Rewrite\\Termination.c.o.noexport",
     "9872738296573561486"],
    ["Q:\\src\\ComputationalPaths\\paper\\anonymous-repo\\.lake\\build\\ir\\ComputationalPaths\\Path\\Rewrite\\Confluence.c.o.noexport",
     "16523826891141753850"],
    ["Q:\\src\\ComputationalPaths\\paper\\anonymous-repo\\.lake\\build\\ir\\ComputationalPaths\\Path\\Rewrite\\ConfluenceProof.c.o.noexport",
     "3448317315851876578"],
    ["Q:\\src\\ComputationalPaths\\paper\\anonymous-repo\\.lake\\build\\ir\\ComputationalPaths\\Path\\Rewrite\\StripLemma.c.o.noexport",
     "11998497815057510999"],
    ["Q:\\src\\ComputationalPaths\\paper\\anonymous-repo\\.lake\\build\\ir\\ComputationalPaths\\Path\\Rewrite\\ConfluenceFull.c.o.noexport",
     "5020313792530911752"],
    ["Q:\\src\\ComputationalPaths\\paper\\anonymous-repo\\.lake\\build\\ir\\ComputationalPaths\\Path\\Rewrite\\ConfluenceConstructive.c.o.noexport",
     "16998974976220390108"],
    ["Q:\\src\\ComputationalPaths\\paper\\anonymous-repo\\.lake\\build\\ir\\ComputationalPaths\\Path\\Rewrite\\TerminationBridge.c.o.noexport",
     "16803123212875351669"],
    ["Q:\\src\\ComputationalPaths\\paper\\anonymous-repo\\.lake\\build\\ir\\ComputationalPaths\\Path\\Rewrite\\PathTactic.c.o.noexport",
     "16745683728162823559"],
    ["Q:\\src\\ComputationalPaths\\paper\\anonymous-repo\\.lake\\build\\ir\\ComputationalPaths\\Path\\Bicategory.c.o.noexport",
     "3330941357366749944"],
    ["Q:\\src\\ComputationalPaths\\paper\\anonymous-repo\\.lake\\build\\ir\\ComputationalPaths\\Path\\Homotopy\\Loops.c.o.noexport",
     "10284388394088476514"],
    ["Q:\\src\\ComputationalPaths\\paper\\anonymous-repo\\.lake\\build\\ir\\ComputationalPaths\\Path\\Homotopy\\FundamentalGroup.c.o.noexport",
     "14610547787883725598"],
    ["Q:\\src\\ComputationalPaths\\paper\\anonymous-repo\\.lake\\build\\ir\\ComputationalPaths\\Path\\Homotopy\\LoopIteration.c.o.noexport",
     "6622409597206968896"],
    ["Q:\\src\\ComputationalPaths\\paper\\anonymous-repo\\.lake\\build\\ir\\ComputationalPaths\\Path\\Homotopy\\IntArith.c.o.noexport",
     "15347202153572208712"],
    ["Q:\\src\\ComputationalPaths\\paper\\anonymous-repo\\.lake\\build\\ir\\ComputationalPaths\\Path\\OmegaGroupoid.c.o.noexport",
     "4459911197433373155"],
    ["Q:\\src\\ComputationalPaths\\paper\\anonymous-repo\\.lake\\build\\ir\\ComputationalPaths\\Path\\Homotopy\\HigherHomotopy.c.o.noexport",
     "9756950214917847979"],
    ["Q:\\src\\ComputationalPaths\\paper\\anonymous-repo\\.lake\\build\\ir\\ComputationalPaths\\Path\\Homotopy\\Reflexivity.c.o.noexport",
     "6801113576897331266"],
    ["Q:\\src\\ComputationalPaths\\paper\\anonymous-repo\\.lake\\build\\ir\\ComputationalPaths\\Path\\Homotopy\\Sets.c.o.noexport",
     "10481804254088461953"],
    ["Q:\\src\\ComputationalPaths\\paper\\anonymous-repo\\.lake\\build\\ir\\ComputationalPaths\\Path\\HIT\\Pushout.c.o.noexport",
     "6065151605604213442"],
    ["Q:\\src\\ComputationalPaths\\paper\\anonymous-repo\\.lake\\build\\ir\\ComputationalPaths\\Path\\Homotopy\\Truncation.c.o.noexport",
     "2303997758202861408"],
    ["Q:\\src\\ComputationalPaths\\paper\\anonymous-repo\\.lake\\build\\ir\\ComputationalPaths\\Path\\Homotopy\\CoveringSpace.c.o.noexport",
     "11583032869698135630"],
    ["Q:\\src\\ComputationalPaths\\paper\\anonymous-repo\\.lake\\build\\ir\\ComputationalPaths\\Path\\Homotopy\\Fibration.c.o.noexport",
     "7114948565292916080"],
    ["Q:\\src\\ComputationalPaths\\paper\\anonymous-repo\\.lake\\build\\ir\\ComputationalPaths\\Path\\HIT\\Circle.c.o.noexport",
     "3155969423241886771"],
    ["Q:\\src\\ComputationalPaths\\paper\\anonymous-repo\\.lake\\build\\ir\\ComputationalPaths\\Path\\HIT\\CircleStep.c.o.noexport",
     "7935719114582908644"],
    ["Q:\\src\\ComputationalPaths\\paper\\anonymous-repo\\.lake\\build\\ir\\ComputationalPaths\\Path\\Homotopy\\EilenbergMacLane.c.o.noexport",
     "17472263498338876091"],
    ["Q:\\src\\ComputationalPaths\\paper\\anonymous-repo\\.lake\\build\\ir\\ComputationalPaths\\Path\\Homotopy\\LongExactSequence.c.o.noexport",
     "8642001672537387746"],
    ["Q:\\src\\ComputationalPaths\\paper\\anonymous-repo\\.lake\\build\\ir\\ComputationalPaths\\Path\\Homotopy\\HigherInducedMaps.c.o.noexport",
     "16007761123423515278"],
    ["Q:\\src\\ComputationalPaths\\paper\\anonymous-repo\\.lake\\build\\ir\\ComputationalPaths\\Path\\Homotopy\\SuspensionLoop.c.o.noexport",
     "15806815231932402465"],
    ["Q:\\src\\ComputationalPaths\\paper\\anonymous-repo\\.lake\\build\\ir\\ComputationalPaths\\Path\\HIT\\PushoutPaths.c.o.noexport",
     "314491314823958712"],
    ["Q:\\src\\ComputationalPaths\\paper\\anonymous-repo\\.lake\\build\\ir\\ComputationalPaths\\Path\\HIT\\Sphere.c.o.noexport",
     "9491387188457492233"],
    ["Q:\\src\\ComputationalPaths\\paper\\anonymous-repo\\.lake\\build\\ir\\ComputationalPaths\\Path\\HIT\\HopfFibration.c.o.noexport",
     "16559945323408035526"],
    ["Q:\\src\\ComputationalPaths\\paper\\anonymous-repo\\.lake\\build\\ir\\ComputationalPaths\\Path\\HIT\\Pi2Sphere.c.o.noexport",
     "2824666757054040125"],
    ["Q:\\src\\ComputationalPaths\\paper\\anonymous-repo\\.lake\\build\\ir\\ComputationalPaths\\Path\\HIT\\Pi3Sphere.c.o.noexport",
     "11214108901308714673"],
    ["Q:\\src\\ComputationalPaths\\paper\\anonymous-repo\\.lake\\build\\ir\\ComputationalPaths\\Path\\Homotopy\\FreudenthalSuspension.c.o.noexport",
     "2341210582029235167"],
    ["Q:\\src\\ComputationalPaths\\paper\\anonymous-repo\\.lake\\build\\ir\\ComputationalPaths\\Path\\Homotopy\\FundamentalGroupoid.c.o.noexport",
     "16109491997638484144"],
    ["Q:\\src\\ComputationalPaths\\paper\\anonymous-repo\\.lake\\build\\ir\\ComputationalPaths\\Path\\Homotopy\\ProductFundamentalGroup.c.o.noexport",
     "12138497165362151789"],
    ["Q:\\src\\ComputationalPaths\\paper\\anonymous-repo\\.lake\\build\\ir\\ComputationalPaths\\Path\\Homotopy\\HigherProductHomotopy.c.o.noexport",
     "11319943790707772087"],
    ["Q:\\src\\ComputationalPaths\\paper\\anonymous-repo\\.lake\\build\\ir\\ComputationalPaths\\Path\\HIT\\Torus.c.o.noexport",
     "14985980052262183860"],
    ["Q:\\src\\ComputationalPaths\\paper\\anonymous-repo\\.lake\\build\\ir\\ComputationalPaths\\Path\\HIT\\TorusStep.c.o.noexport",
     "14982510772968961123"],
    ["Q:\\src\\ComputationalPaths\\paper\\anonymous-repo\\.lake\\build\\ir\\ComputationalPaths\\Path\\HIT\\ProjectivePlane.c.o.noexport",
     "17999169404896046084"],
    ["Q:\\src\\ComputationalPaths\\paper\\anonymous-repo\\.lake\\build\\ir\\ComputationalPaths\\Path\\HIT\\ProjectivePlaneStep.c.o.noexport",
     "3688096435248668744"],
    ["Q:\\src\\ComputationalPaths\\paper\\anonymous-repo\\.lake\\build\\ir\\ComputationalPaths\\Path\\Homotopy\\LieGroups.c.o.noexport",
     "14698794341845562265"],
    ["Q:\\src\\ComputationalPaths\\paper\\anonymous-repo\\.lake\\build\\ir\\ComputationalPaths\\Path\\HIT\\FigureEight.c.o.noexport",
     "3867183744947304813"],
    ["Q:\\src\\ComputationalPaths\\paper\\anonymous-repo\\.lake\\build\\ir\\ComputationalPaths\\Path\\HIT\\KleinBottle.c.o.noexport",
     "10815705042865806973"],
    ["Q:\\src\\ComputationalPaths\\paper\\anonymous-repo\\.lake\\build\\ir\\ComputationalPaths\\Path\\HIT\\OrientableSurface.c.o.noexport",
     "7735467896810545925"],
    ["Q:\\src\\ComputationalPaths\\paper\\anonymous-repo\\.lake\\build\\ir\\ComputationalPaths\\Path\\Homotopy\\Hurewicz.c.o.noexport",
     "9017622837868166659"],
    ["Q:\\src\\ComputationalPaths\\paper\\anonymous-repo\\.lake\\build\\ir\\ComputationalPaths\\Path\\Homotopy\\CoveringClassification.c.o.noexport",
     "11821524456641211473"],
    ["Q:\\src\\ComputationalPaths\\paper\\anonymous-repo\\.lake\\build\\ir\\ComputationalPaths\\Path\\HIT\\LensSpace.c.o.noexport",
     "1120249289082392427"],
    ["Q:\\src\\ComputationalPaths\\paper\\anonymous-repo\\.lake\\build\\ir\\ComputationalPaths\\Path\\HIT\\ProjectiveSpaces.c.o.noexport",
     "11420255158963604184"],
    ["Q:\\src\\ComputationalPaths\\paper\\anonymous-repo\\.lake\\build\\ir\\ComputationalPaths\\Path\\HIT\\ComplexProjectiveSpaces.c.o.noexport",
     "18020942120386157838"],
    ["Q:\\src\\ComputationalPaths\\paper\\anonymous-repo\\.lake\\build\\ir\\ComputationalPaths\\Path\\HIT\\Pi4S3.c.o.noexport",
     "2702775097456698882"],
    ["Q:\\src\\ComputationalPaths\\paper\\anonymous-repo\\.lake\\build\\ir\\ComputationalPaths\\Path\\HIT\\QuaternionicHopf.c.o.noexport",
     "210642705043229023"],
    ["Q:\\src\\ComputationalPaths\\paper\\anonymous-repo\\.lake\\build\\ir\\ComputationalPaths\\Path\\HIT\\QuaternionicProjectiveSpaces.c.o.noexport",
     "1137761286058952357"],
    ["Q:\\src\\ComputationalPaths\\paper\\anonymous-repo\\.lake\\build\\ir\\ComputationalPaths\\Path\\Homotopy\\CellularHomology.c.o.noexport",
     "16717719324015026363"],
    ["Q:\\src\\ComputationalPaths\\paper\\anonymous-repo\\.lake\\build\\ir\\ComputationalPaths\\Path\\Homotopy\\MayerVietoris.c.o.noexport",
     "17341284183001462500"],
    ["Q:\\src\\ComputationalPaths\\paper\\anonymous-repo\\.lake\\build\\ir\\ComputationalPaths\\Path\\Homotopy\\WhiteheadTheorem.c.o.noexport",
     "1790060399651619765"],
    ["Q:\\src\\ComputationalPaths\\paper\\anonymous-repo\\.lake\\build\\ir\\ComputationalPaths\\Path\\Homotopy\\Pi2Surfaces.c.o.noexport",
     "6924260834934254801"],
    ["Q:\\src\\ComputationalPaths\\paper\\anonymous-repo\\.lake\\build\\ir\\ComputationalPaths\\Path\\Homotopy\\HoTT.c.o.noexport",
     "6253259772863159066"],
    ["Q:\\src\\ComputationalPaths\\paper\\anonymous-repo\\.lake\\build\\ir\\ComputationalPaths\\Path\\Homotopy\\IdentityType.c.o.noexport",
     "13511212824673744771"],
    ["Q:\\src\\ComputationalPaths\\paper\\anonymous-repo\\.lake\\build\\ir\\ComputationalPaths\\Path\\Homotopy\\Coproduct.c.o.noexport",
     "11111934397613577329"],
    ["Q:\\src\\ComputationalPaths\\paper\\anonymous-repo\\.lake\\build\\ir\\ComputationalPaths\\Path\\HIT\\Cylinder.c.o.noexport",
     "7976328900210305495"],
    ["Q:\\src\\ComputationalPaths\\paper\\anonymous-repo\\.lake\\build\\ir\\ComputationalPaths\\Path\\HIT\\MobiusBand.c.o.noexport",
     "6712223339200559438"],
    ["Q:\\src\\ComputationalPaths\\paper\\anonymous-repo\\.lake\\build\\ir\\ComputationalPaths\\Path\\HIT\\KleinBottleStep.c.o.noexport",
     "17363538391015650687"],
    ["Q:\\src\\ComputationalPaths\\paper\\anonymous-repo\\.lake\\build\\ir\\ComputationalPaths\\Path\\HIT\\KleinBottleSVK.c.o.noexport",
     "4177432498624889964"],
    ["Q:\\src\\ComputationalPaths\\paper\\anonymous-repo\\.lake\\build\\ir\\ComputationalPaths\\Path\\HIT\\ProjectivePlaneSVK.c.o.noexport",
     "9963064380711899745"],
    ["Q:\\src\\ComputationalPaths\\paper\\anonymous-repo\\.lake\\build\\ir\\ComputationalPaths\\Path\\HIT\\ProjectivePlanePi2.c.o.noexport",
     "8000154318023828996"],
    ["Q:\\src\\ComputationalPaths\\paper\\anonymous-repo\\.lake\\build\\ir\\ComputationalPaths\\Path\\HIT\\BouquetN.c.o.noexport",
     "17595579534144884250"],
    ["Q:\\src\\ComputationalPaths\\paper\\anonymous-repo\\.lake\\build\\ir\\ComputationalPaths\\Path\\HIT\\Pi6S3.c.o.noexport",
     "15720902512312457582"],
    ["Q:\\src\\ComputationalPaths\\paper\\anonymous-repo\\.lake\\build\\ir\\ComputationalPaths\\Path\\HIT\\OctonionicHopf.c.o.noexport",
     "15572870299480021026"],
    ["Q:\\src\\ComputationalPaths\\paper\\anonymous-repo\\.lake\\build\\ir\\ComputationalPaths\\Path\\HIT\\NonOrientableSurface.c.o.noexport",
     "15225473818963328288"],
    ["Q:\\src\\ComputationalPaths\\paper\\anonymous-repo\\.lake\\build\\ir\\ComputationalPaths\\Path\\HIT\\TorusGenus1.c.o.noexport",
     "12377497476779383452"],
    ["Q:\\src\\ComputationalPaths\\paper\\anonymous-repo\\.lake\\build\\ir\\ComputationalPaths\\Path\\HIT\\SVKApplications.c.o.noexport",
     "17519397662005743969"],
    ["Q:\\src\\ComputationalPaths\\paper\\anonymous-repo\\.lake\\build\\ir\\ComputationalPaths\\Path\\HIT\\JamesConstruction.c.o.noexport",
     "5587913136065060508"],
    ["Q:\\src\\ComputationalPaths\\paper\\anonymous-repo\\.lake\\build\\ir\\ComputationalPaths\\Path\\HIT\\HopfInvariantOne.c.o.noexport",
     "14343848506356241539"],
    ["Q:\\src\\ComputationalPaths\\paper\\anonymous-repo\\.lake\\build\\ir\\ComputationalPaths\\Path\\OmegaGroupoid\\Derived.c.o.noexport",
     "6682442603430315844"],
    ["Q:\\src\\ComputationalPaths\\paper\\anonymous-repo\\.lake\\build\\ir\\ComputationalPaths\\Path\\OmegaGroupoid\\StepToCanonical.c.o.noexport",
     "6190678583603325202"],
    ["Q:\\src\\ComputationalPaths\\paper\\anonymous-repo\\.lake\\build\\ir\\ComputationalPaths\\Path\\OmegaGroupoid\\AxiomAnalysis.c.o.noexport",
     "1607129138741969886"],
    ["Q:\\src\\ComputationalPaths\\paper\\anonymous-repo\\.lake\\build\\ir\\ComputationalPaths\\Path.c.o.noexport",
     "7905317596813864282"],
    ["Q:\\src\\ComputationalPaths\\paper\\anonymous-repo\\.lake\\build\\ir\\ComputationalPaths.c.o.noexport",
     "15208492893590910755"]]],
  ["linkLibs", "1723"],
  ["Lean 4.24.0, commit 797c613eb9b6d4ec95db23e3e00af9ac6657f24b",
   "1165570713881806064"],
  ["traceArgs: #[-Wl,--whole-archive, -lleanmanifest, -Wl,--no-whole-archive]",
   "15698585082112654345"],
  ["x86_64-w64-windows-gnu", "3894966287860160785"]],
 "depHash": "7627630569090039775"}